[2015.08.02-14.34.22:574][  0]Log file open, 08/02/15 07:34:22
[2015.08.02-14.34.22:574][  0]LogInit:Display: Running engine for game: ArkProject_v3
[2015.08.02-14.34.22:575][  0]LogInit:Display: RandInit(-80099488) SRandInit(-80099487).
[2015.08.02-14.34.22:575][  0]LogTaskGraph: Started task graph with 4 named threads and 7 total threads.
[2015.08.02-14.34.22:575][  0]LogStats: Stats thread started
[2015.08.02-14.34.22:575][  0]LogInit: Version: 4.8.3-2634408+++depot+UE4-Releases+4.8
[2015.08.02-14.34.22:575][  0]LogInit: API Version: 2579680
[2015.08.02-14.34.22:575][  0]LogInit: Compiled (64-bit): Jul 27 2015 16:24:33
[2015.08.02-14.34.22:575][  0]LogInit: Compiled with Visual C++: 18.00.21005.01
[2015.08.02-14.34.22:575][  0]LogInit: Build Configuration: Development
[2015.08.02-14.34.22:575][  0]LogInit: Branch Name: ++depot+UE4-Releases+4.8
[2015.08.02-14.34.22:575][  0]LogInit: Command line:  /Game/ThirdPersonBP/Maps/ThirdPersonExampleMap -game -PIEVIACONSOLE -ResX=1280 -ResY=720  -Multiprocess 
[2015.08.02-14.34.22:575][  0]LogInit: Base directory: C:/Program Files/Epic Games/4.8/Engine/Binaries/Win64/
[2015.08.02-14.34.22:575][  0]LogInit: Rocket: 1
[2015.08.02-14.34.22:589][  0]LogInit: Using libcurl 7.41.0
[2015.08.02-14.34.22:589][  0]LogInit:  - built for x86_64-pc-win32
[2015.08.02-14.34.22:589][  0]LogInit:  - supports SSL with WinSSL
[2015.08.02-14.34.22:589][  0]LogInit:  - other features:
[2015.08.02-14.34.22:589][  0]LogInit:      CURL_VERSION_SSL
[2015.08.02-14.34.22:589][  0]LogInit:      CURL_VERSION_IPV6
[2015.08.02-14.34.22:589][  0]LogInit:      CURL_VERSION_ASYNCHDNS
[2015.08.02-14.34.22:589][  0]LogInit:      CURL_VERSION_LARGEFILE
[2015.08.02-14.34.22:589][  0]LogInit:      CURL_VERSION_IDN
[2015.08.02-14.34.22:589][  0]LogInit:  CurlRequestOptions (configurable via config and command line):
[2015.08.02-14.34.22:589][  0]LogInit:  - bVerifyPeer = true  - Libcurl will verify peer certificate
[2015.08.02-14.34.22:589][  0]LogInit:  - bUseHttpProxy = false  - Libcurl will NOT use HTTP proxy
[2015.08.02-14.34.22:589][  0]LogInit:  - bDontReuseConnections = false  - Libcurl will reuse connections
[2015.08.02-14.34.22:589][  0]LogInit:  - CertBundlePath = nullptr  - Libcurl will use whatever was configured at build time.
[2015.08.02-14.34.22:604][  0]LogOnline:Warning: No default platform service specified for OnlineSubsystem
[2015.08.02-14.34.22:620][  0]LogInit: Presizing for 0 objects not considered by GC, pre-allocating 0 bytes.
[2015.08.02-14.34.22:636][  0]LogInit: Object subsystem initialized
[2015.08.02-14.34.22:637][  0]LogConsoleResponse:Warning: Skipping Unknown console variable: 'TranslucentSortAxis = (X=0.000000,Y=-1.000000,Z=0.000000)'
[2015.08.02-14.34.22:637][  0]LogConsoleResponse:Warning:   Found in ini file 'C:/Users/joe/Documents/Unreal Projects/ArkProject_v3/Saved/Config/Windows/Engine.ini', in section '[/Script/Engine.RendererSettings]'
[2015.08.02-14.34.22:637][  0]LogConsoleResponse:Warning: Skipping Unknown console variable: 'UIScaleRule = ShortestSide'
[2015.08.02-14.34.22:637][  0]LogConsoleResponse:Warning:   Found in ini file 'C:/Users/joe/Documents/Unreal Projects/ArkProject_v3/Saved/Config/Windows/Engine.ini', in section '[/Script/Engine.RendererSettings]'
[2015.08.02-14.34.22:637][  0]LogConsoleResponse:Warning: Skipping Unknown console variable: 'UIScaleCurve = (EditorCurveData=(Keys=),ExternalCurve=None)'
[2015.08.02-14.34.22:637][  0]LogConsoleResponse:Warning:   Found in ini file 'C:/Users/joe/Documents/Unreal Projects/ArkProject_v3/Saved/Config/Windows/Engine.ini', in section '[/Script/Engine.RendererSettings]'
[2015.08.02-14.34.22:638][  0]LogInit: Selected Device Profile: [Windows]
[2015.08.02-14.34.22:638][  0]LogInit: Applying CVar settings loaded from the selected device profile: [Windows]
[2015.08.02-14.34.22:641][  0]LogInit: Computer: G74SX
[2015.08.02-14.34.22:641][  0]LogInit: User: joe
[2015.08.02-14.34.22:641][  0]LogInit: CPU Page size=4096, Cores=4
[2015.08.02-14.34.22:641][  0]LogInit: High frequency timer resolution =2.143613 MHz
[2015.08.02-14.34.22:641][  0]LogMemory: Memory total: Physical=31.5GB (32GB approx)
[2015.08.02-14.34.22:641][  0]LogMemory: Platform Memory Stats for Windows
[2015.08.02-14.34.22:641][  0]LogMemory: Process Physical Memory: 49.90 MB used, 49.90 MB peak
[2015.08.02-14.34.22:641][  0]LogMemory: Process Virtual Memory: 24.29 MB used, 24.29 MB peak
[2015.08.02-14.34.22:641][  0]LogMemory: Physical Memory: 5292.15 MB used, 32241.16 MB total
[2015.08.02-14.34.22:641][  0]LogMemory: Virtual Memory: 283.22 MB used, 8388608.00 MB total
[2015.08.02-14.34.22:679][  0]LogTextLocalizationManager: The requested culture ('en_US') has no localization data; parent culture's ('en') localization data will be used.
[2015.08.02-14.34.22:933][  0]LogTextLocalizationManager:Warning: Loaded localization resources contain conflicting entries for (Namespace:ContentBrowser, Key:ImportAssetToolTip):
Localization Resource: (C:/Program Files/Epic Games/4.8/Engine/Content/Localization/Editor/en/Editor.locres) Source String Hash: (-630476809) Localized String: (Import to {0}...)
Localization Resource: (C:/Program Files/Epic Games/4.8/Engine/Content/Localization/Editor/en/Editor.locres) Source String Hash: (1271782899) Localized String: (Imports an asset from file to this folder.)
[2015.08.02-14.34.23:323][  0]LogD3D11RHI: Found D3D11 adapter 0: NVIDIA GeForce GTX 560M   (Feature Level 11_0)
[2015.08.02-14.34.23:323][  0]LogD3D11RHI: Adapter has 3021MB of dedicated video memory, 0MB of dedicated system memory, and 15864MB of shared system memory, 1 output[s]
[2015.08.02-14.34.23:323][  0]LogD3D11RHI: Chosen D3D11 Adapter Id = 0
[2015.08.02-14.34.23:327][  0]LogD3D11RHI: InitD3DDevice
[2015.08.02-14.34.23:327][  0]LogD3D11RHI: !Direct3DDevice
[2015.08.02-14.34.23:327][  0]LogRHI: Texture pool is 1361 MB (70% of 1945 MB)
[2015.08.02-14.34.23:335][  0]LogD3D11RHI: Async texture creation enabled
[2015.08.02-14.34.23:350][  0]LogShaderCompilers:Display: Using Local Shader Compiler.
[2015.08.02-14.34.24:405][  0]LogTemp:Display: Loaded TP DesktopTargetPlatform
[2015.08.02-14.34.24:421][  0]LogTemp:Display: Loaded TP WindowsClientTargetPlatform
[2015.08.02-14.34.24:437][  0]LogTemp:Display: Loaded TP WindowsNoEditorTargetPlatform
[2015.08.02-14.34.24:453][  0]LogTemp:Display: Loaded TP WindowsServerTargetPlatform
[2015.08.02-14.34.24:471][  0]LogTemp:Display: Loaded TP WindowsTargetPlatform
[2015.08.02-14.34.24:486][  0]LogTemp:Display: Loaded TP AndroidTargetPlatform
[2015.08.02-14.34.24:500][  0]LogTemp:Display: Loaded TP Android_ASTCTargetPlatform
[2015.08.02-14.34.24:514][  0]LogTemp:Display: Loaded TP Android_ATCTargetPlatform
[2015.08.02-14.34.24:528][  0]LogTemp:Display: Loaded TP Android_DXTTargetPlatform
[2015.08.02-14.34.24:542][  0]LogTemp:Display: Loaded TP Android_ETC1TargetPlatform
[2015.08.02-14.34.24:556][  0]LogTemp:Display: Loaded TP Android_ETC2TargetPlatform
[2015.08.02-14.34.24:570][  0]LogTemp:Display: Loaded TP Android_PVRTCTargetPlatform
[2015.08.02-14.34.24:623][  0]LogTemp:Display: Loaded TP IOSTargetPlatform
[2015.08.02-14.34.24:637][  0]LogTemp:Display: Loaded TP LinuxNoEditorTargetPlatform
[2015.08.02-14.34.24:651][  0]LogTemp:Display: Loaded TP LinuxServerTargetPlatform
[2015.08.02-14.34.24:667][  0]LogTemp:Display: Loaded TP LinuxTargetPlatform
[2015.08.02-14.34.24:667][  0]LogTargetPlatformManager:Display: Building Assets For Windows
[2015.08.02-14.34.24:896][  0]LogDerivedDataCache:Display: Max Cache Size: 512 MB
[2015.08.02-14.34.24:951][  0]LogDerivedDataCache: Loaded boot cache 0.06s 53MB C:/Users/joe/AppData/Local/UnrealEngine/4.8/DerivedDataCache/Boot.ddc.
[2015.08.02-14.34.24:951][  0]LogDerivedDataCache:Display: Loaded Boot cache: C:/Users/joe/AppData/Local/UnrealEngine/4.8/DerivedDataCache/Boot.ddc
[2015.08.02-14.34.24:952][  0]LogDerivedDataCache: FDerivedDataBackendGraph:  Pak pak cache file ../../../../../../Users/joe/Documents/Unreal Projects/ArkProject_v3/DerivedDataCache/DDC.ddp not found, will not use a pak cache.
[2015.08.02-14.34.24:952][  0]LogDerivedDataCache: Unable to find inner node Pak for hierarchical cache Hierarchy.
[2015.08.02-14.34.24:952][  0]LogDerivedDataCache: FDerivedDataBackendGraph:  CompressedPak pak cache file ../../../../../../Users/joe/Documents/Unreal Projects/ArkProject_v3/DerivedDataCache/Compressed.ddp not found, will not use a pak cache.
[2015.08.02-14.34.24:952][  0]LogDerivedDataCache: Unable to find inner node CompressedPak for hierarchical cache Hierarchy.
[2015.08.02-14.34.25:149][  0]LogDerivedDataCache:Display: Pak cache opened for reading ../../../Engine/DerivedDataCache/Compressed.ddp.
[2015.08.02-14.34.25:160][  0]LogDerivedDataCache: Using Local data cache path C:/Users/joe/AppData/Local/UnrealEngine/Common/DerivedDataCache: Writable
[2015.08.02-14.34.25:424][  0]ImportText (ComponentSweepMultiTests): Missing closing parenthesis: (RootShapeAsset="/Engine/BasicShapes/Cube.Cube",ShapeType="TriggerCapsule",HitResult=(Time=0.50,Location=(X=-100.000015,Y=0.0,Z=100.000015),ImpactPoint=(X=-50.0,Y=0.0,Z=50.0),Normal=(X=-1.0,Y=-0.0,Z=0.0),ImpactNormal=(X=0.0,Y=0.0,Z=1.0),TraceStart=(X=-200.0,Y=0.0,Z=200.0),TraceEnd=(X=0.0,Y=0.0,Z=0.0))
[2015.08.02-14.34.25:424][  0]ImportText (LineTraceSingleByChannelTests): Missing closing parenthesis: (RootShapeAsset="/Engine/BasicShapes/Cube.Cube",HitResult=(Time=0.50,Location=(X=-100.000015,Y=0.0,Z=100.000015),ImpactPoint=(X=-50.0,Y=0.0,Z=50.0),Normal=(X=-1.0,Y=-0.0,Z=0.0),ImpactNormal=(X=0.0,Y=0.0,Z=1.0),TraceStart=(X=-200.0,Y=0.0,Z=200.0),TraceEnd=(X=0.0,Y=0.0,Z=0.0))
[2015.08.02-14.34.25:434][  0]LogInit: Selected Device Profile: [Windows]
[2015.08.02-14.34.25:461][  0]LogMeshUtilities: No automatic mesh reduction module available
[2015.08.02-14.34.25:461][  0]LogMeshUtilities: No automatic mesh merging module available
[2015.08.02-14.34.25:864][  0]LogInit: WinSock: version 1.1 (2.2), MaxSocks=32767, MaxUdp=65467
[2015.08.02-14.34.26:356][  0]LogD3D11RHI: InitD3DDevice
[2015.08.02-14.34.26:383][  0]LogWindowsMoviePlayer: Unable to load movie: ../../../../../../Users/joe/Documents/Unreal Projects/ArkProject_v3/Content/Movies/Default_Startup.mp4
[2015.08.02-14.34.26:537][  0]LogAssetRegistry: FAssetRegistry took 0.0001 seconds to start up
[2015.08.02-14.34.26:588][  0]SourceControl: Info Source control is disabled
[2015.08.02-14.34.26:588][  0]SourceControl: Info Source control is disabled
[2015.08.02-14.34.26:599][  0]SourceControl: Info Source control is disabled
[2015.08.02-14.34.26:804][  0]LogObj: 25913 objects as part of root set at end of initial load.
[2015.08.02-14.34.26:804][  0]LogUObjectAllocator: 5218480 out of 0 bytes used by permanent object pool.
[2015.08.02-14.34.26:881][  0]LogAutomationTest:Warning: ERR: Transient text cannot be serialized "Testing Transient serialization detection".
[2015.08.02-14.34.26:881][  0]LogEngine: Initializing Engine...
[2015.08.02-14.34.26:883][  0]LogHMD: Can't find Oculus library dev build: is proper Runtime installed? Version: 0.6.0.0
[2015.08.02-14.34.26:885][  0]LogHMD:Warning: SteamVR failed to initialize.  Error: 110
[2015.08.02-14.34.26:988][  0]LogInit: XAudio2 using 'Speakers (Realtek High Definition Audio)' : 2 channels at 48 kHz using 32 bits per sample (channel mask 0x3)
[2015.08.02-14.34.26:997][  0]LogInit: FAudioDevice initialized.
[2015.08.02-14.34.27:004][  0]LogInit: Texture streaming: Disabled
[2015.08.02-14.34.27:099][  0]LogNet: Browse: /Game/ThirdPersonBP/Maps/ThirdPersonExampleMap?Name=Player
[2015.08.02-14.34.27:100][  0]LogLoad: LoadMap: /Game/ThirdPersonBP/Maps/ThirdPersonExampleMap?Name=Player
[2015.08.02-14.34.27:112][  0]LogParticles: Destroying 0 GPU particle simulations for FXSystem 0x000000000C76B600
[2015.08.02-14.34.27:122][  0]LogMemory: Platform Memory Stats for Windows
[2015.08.02-14.34.27:122][  0]LogMemory: Process Physical Memory: 351.05 MB used, 351.06 MB peak
[2015.08.02-14.34.27:122][  0]LogMemory: Process Virtual Memory: 408.64 MB used, 408.64 MB peak
[2015.08.02-14.34.27:122][  0]LogMemory: Physical Memory: 5545.45 MB used, 32241.16 MB total
[2015.08.02-14.34.27:122][  0]LogMemory: Virtual Memory: 895.25 MB used, 8388608.00 MB total
[2015.08.02-14.34.27:122][  0]LogMemory: 
[2015.08.02-14.34.27:122][  0]Allocator Stats for TBB: (not implemented)
[2015.08.02-14.34.29:102][  0]LogBlueprint:Warning: [compiler ThirdPersonCharacter] Warning Input Axis Event references unknown Axis 'SwimUp' for  InputAxis SwimUp 
[2015.08.02-14.34.29:112][  0]LogBlueprint:Warning: [compiler ThirdPersonCharacter] Warning [0008.31] Compile of ThirdPersonCharacter successful, but with 1 Warning(s) [in 40 ms]
[2015.08.02-14.34.29:112][  0]LogBlueprint:Warning: [compiler ThirdPersonCharacter] Warning [0008.31] Compile of ThirdPersonCharacter successful, but with 2 Warning(s) [in 0 ms]
[2015.08.02-14.34.29:112][  0]LogBlueprint:Warning: [compiler ThirdPersonCharacter] Warning [0008.31] Compile of ThirdPersonCharacter successful, but with 3 Warning(s) [in 0 ms]
[2015.08.02-14.34.29:878][  0]LogBlueprint:Warning: [compiler ThirdPersonCharacter] Warning Input Axis Event references unknown Axis 'SwimUp' for  InputAxis SwimUp 
[2015.08.02-14.34.29:891][  0]LogBlueprint:Warning: [compiler ThirdPersonCharacter] Warning [0009.09] Compile of ThirdPersonCharacter successful, but with 1 Warning(s) [in 43 ms]
[2015.08.02-14.34.29:891][  0]LogBlueprint:Warning: [compiler ThirdPersonCharacter] Warning [0009.09] Compile of ThirdPersonCharacter successful, but with 2 Warning(s) [in 0 ms]
[2015.08.02-14.34.30:938][  0]LogLinker:Warning: Asset '../../../../../../Users/joe/Documents/Unreal Projects/ArkProject_v3/Content/Tsevorda-clouds.uasset' has been saved with empty engine version. The asset will be loaded but may be incompatible.
[2015.08.02-14.34.31:684][  0]LogAIModule: Creating AISystem for world ThirdPersonExampleMap
[2015.08.02-14.34.31:684][  0]LogWorld: Game class is 'ThirdPersonGameMode_C'
[2015.08.02-14.34.31:691][  0]LogWorld: Bringing World /Game/ThirdPersonBP/Maps/ThirdPersonExampleMap.ThirdPersonExampleMap up for play (max tick rate 0) at 2015.08.02-07.34.31
[2015.08.02-14.34.31:692][  0]LogWorld: Bringing up level for play took: 0.005720
[2015.08.02-14.34.33:986][  0]LogBlueprintUserMessages: Error: Unable to fetch GameSettings. Has Game Instance properly implemented GameSettingsInterface?
[2015.08.02-14.34.34:003][  0]LogBlueprintUserMessages: Error: Unable to fetch GameSettings. Has Game Instance properly implemented GameSettingsInterface?
[2015.08.02-14.34.34:003][  0]LogScript:Warning: Accessed None 'Game Settings'
	SettingsMenuAudioConfig_C /Engine/Transient.GameEngine_0:GameInstance_0.SettingsMenuMain_C_0.WidgetTree_97.SettingsAudioConfig
	Function /Game/QualityMenu/Hud/SettingsMenuAudioConfig.SettingsMenuAudioConfig_C:ExecuteUbergraph_SettingsMenuAudioConfig:07F0
[2015.08.02-14.34.34:003][  0]LogScript:Warning: Accessed None 'Game Settings'
	SettingsMenuAudioConfig_C /Engine/Transient.GameEngine_0:GameInstance_0.SettingsMenuMain_C_0.WidgetTree_97.SettingsAudioConfig
	Function /Game/QualityMenu/Hud/SettingsMenuAudioConfig.SettingsMenuAudioConfig_C:ExecuteUbergraph_SettingsMenuAudioConfig:0783
[2015.08.02-14.34.34:003][  0]LogScript:Warning: Accessed None 'Game Settings'
	SettingsMenuAudioConfig_C /Engine/Transient.GameEngine_0:GameInstance_0.SettingsMenuMain_C_0.WidgetTree_97.SettingsAudioConfig
	Function /Game/QualityMenu/Hud/SettingsMenuAudioConfig.SettingsMenuAudioConfig_C:ExecuteUbergraph_SettingsMenuAudioConfig:06D0
[2015.08.02-14.34.34:003][  0]LogScript:Warning: Accessed None 'Game Settings'
	SettingsMenuAudioConfig_C /Engine/Transient.GameEngine_0:GameInstance_0.SettingsMenuMain_C_0.WidgetTree_97.SettingsAudioConfig
	Function /Game/QualityMenu/Hud/SettingsMenuAudioConfig.SettingsMenuAudioConfig_C:ExecuteUbergraph_SettingsMenuAudioConfig:0663
[2015.08.02-14.34.34:003][  0]LogScript:Warning: Accessed None 'Game Settings'
	SettingsMenuAudioConfig_C /Engine/Transient.GameEngine_0:GameInstance_0.SettingsMenuMain_C_0.WidgetTree_97.SettingsAudioConfig
	Function /Game/QualityMenu/Hud/SettingsMenuAudioConfig.SettingsMenuAudioConfig_C:ExecuteUbergraph_SettingsMenuAudioConfig:05B0
[2015.08.02-14.34.34:003][  0]LogScript:Warning: Accessed None 'Game Settings'
	SettingsMenuAudioConfig_C /Engine/Transient.GameEngine_0:GameInstance_0.SettingsMenuMain_C_0.WidgetTree_97.SettingsAudioConfig
	Function /Game/QualityMenu/Hud/SettingsMenuAudioConfig.SettingsMenuAudioConfig_C:ExecuteUbergraph_SettingsMenuAudioConfig:0543
[2015.08.02-14.34.34:003][  0]LogScript:Warning: Accessed None 'Game Settings'
	SettingsMenuAudioConfig_C /Engine/Transient.GameEngine_0:GameInstance_0.SettingsMenuMain_C_0.WidgetTree_97.SettingsAudioConfig
	Function /Game/QualityMenu/Hud/SettingsMenuAudioConfig.SettingsMenuAudioConfig_C:ExecuteUbergraph_SettingsMenuAudioConfig:0490
[2015.08.02-14.34.34:003][  0]LogScript:Warning: Accessed None 'Game Settings'
	SettingsMenuAudioConfig_C /Engine/Transient.GameEngine_0:GameInstance_0.SettingsMenuMain_C_0.WidgetTree_97.SettingsAudioConfig
	Function /Game/QualityMenu/Hud/SettingsMenuAudioConfig.SettingsMenuAudioConfig_C:ExecuteUbergraph_SettingsMenuAudioConfig:0423
[2015.08.02-14.34.34:003][  0]LogScript:Warning: Accessed None 'Game Settings'
	SettingsMenuAudioConfig_C /Engine/Transient.GameEngine_0:GameInstance_0.SettingsMenuMain_C_0.WidgetTree_97.SettingsAudioConfig
	Function /Game/QualityMenu/Hud/SettingsMenuAudioConfig.SettingsMenuAudioConfig_C:ExecuteUbergraph_SettingsMenuAudioConfig:0370
[2015.08.02-14.34.34:003][  0]LogScript:Warning: Accessed None 'Game Settings'
	SettingsMenuAudioConfig_C /Engine/Transient.GameEngine_0:GameInstance_0.SettingsMenuMain_C_0.WidgetTree_97.SettingsAudioConfig
	Function /Game/QualityMenu/Hud/SettingsMenuAudioConfig.SettingsMenuAudioConfig_C:ExecuteUbergraph_SettingsMenuAudioConfig:0303
[2015.08.02-14.34.34:005][  0]LogBlueprintUserMessages: Error: Unable to fetch GameSettings. Has Game Instance properly implemented GameSettingsInterface?
[2015.08.02-14.34.34:005][  0]LogScript:Warning: Accessed None 'Game Settings'
	SettingsMenuVideoConfig_C /Engine/Transient.GameEngine_0:GameInstance_0.SettingsMenuMain_C_0.WidgetTree_97.SettingVideoConfig
	Function /Game/QualityMenu/Hud/SettingsMenuVideoConfig.SettingsMenuVideoConfig_C:ExecuteUbergraph_SettingsMenuVideoConfig:0512
[2015.08.02-14.34.34:005][  0]LogScript:Warning: Accessed None 'Game Settings'
	SettingsMenuVideoConfig_C /Engine/Transient.GameEngine_0:GameInstance_0.SettingsMenuMain_C_0.WidgetTree_97.SettingVideoConfig
	Function /Game/QualityMenu/Hud/SettingsMenuVideoConfig.SettingsMenuVideoConfig_C:ExecuteUbergraph_SettingsMenuVideoConfig:04A4
[2015.08.02-14.34.34:005][  0]LogScript:Warning: Accessed None 'Game Settings'
	SettingsMenuVideoConfig_C /Engine/Transient.GameEngine_0:GameInstance_0.SettingsMenuMain_C_0.WidgetTree_97.SettingVideoConfig
	Function /Game/QualityMenu/Hud/SettingsMenuVideoConfig.SettingsMenuVideoConfig_C:ExecuteUbergraph_SettingsMenuVideoConfig:01EF
[2015.08.02-14.34.34:005][  0]LogScript:Warning: Accessed None 'Game Settings'
	SettingsMenuVideoConfig_C /Engine/Transient.GameEngine_0:GameInstance_0.SettingsMenuMain_C_0.WidgetTree_97.SettingVideoConfig
	Function /Game/QualityMenu/Hud/SettingsMenuVideoConfig.SettingsMenuVideoConfig_C:ExecuteUbergraph_SettingsMenuVideoConfig:02B6
[2015.08.02-14.34.34:005][  0]LogScript:Warning: Accessed None 'Game Settings'
	SettingsMenuVideoConfig_C /Engine/Transient.GameEngine_0:GameInstance_0.SettingsMenuMain_C_0.WidgetTree_97.SettingVideoConfig
	Function /Game/QualityMenu/Hud/SettingsMenuVideoConfig.SettingsMenuVideoConfig_C:ExecuteUbergraph_SettingsMenuVideoConfig:02E4
[2015.08.02-14.34.34:005][  0]LogScript:Warning: Accessed None 'Game Settings'
	SettingsMenuVideoConfig_C /Engine/Transient.GameEngine_0:GameInstance_0.SettingsMenuMain_C_0.WidgetTree_97.SettingVideoConfig
	Function /Game/QualityMenu/Hud/SettingsMenuVideoConfig.SettingsMenuVideoConfig_C:Update Screen Mode:003F
[2015.08.02-14.34.34:005][  0]LogScript:Warning: Attempt to assign variable through None
	SettingsMenuVideoConfig_C /Engine/Transient.GameEngine_0:GameInstance_0.SettingsMenuMain_C_0.WidgetTree_97.SettingVideoConfig
	Function /Game/QualityMenu/Hud/SettingsMenuVideoConfig.SettingsMenuVideoConfig_C:Update Screen Mode:0055
[2015.08.02-14.34.34:005][  0]LogScript:Warning: Accessed None 'Game Settings'
	SettingsMenuVideoConfig_C /Engine/Transient.GameEngine_0:GameInstance_0.SettingsMenuMain_C_0.WidgetTree_97.SettingVideoConfig
	Function /Game/QualityMenu/Hud/SettingsMenuVideoConfig.SettingsMenuVideoConfig_C:ExecuteUbergraph_SettingsMenuVideoConfig:0312
[2015.08.02-14.34.34:005][  0]LogScript:Warning: Accessed None 'Game Settings'
	SettingsMenuVideoConfig_C /Engine/Transient.GameEngine_0:GameInstance_0.SettingsMenuMain_C_0.WidgetTree_97.SettingVideoConfig
	Function /Game/QualityMenu/Hud/SettingsMenuVideoConfig.SettingsMenuVideoConfig_C:Update View Distance Scale:0057
[2015.08.02-14.34.34:005][  0]LogScript:Warning: Attempt to assign variable through None
	SettingsMenuVideoConfig_C /Engine/Transient.GameEngine_0:GameInstance_0.SettingsMenuMain_C_0.WidgetTree_97.SettingVideoConfig
	Function /Game/QualityMenu/Hud/SettingsMenuVideoConfig.SettingsMenuVideoConfig_C:Update View Distance Scale:006D
[2015.08.02-14.34.34:005][  0]LogScript:Warning: Accessed None 'Game Settings'
	SettingsMenuVideoConfig_C /Engine/Transient.GameEngine_0:GameInstance_0.SettingsMenuMain_C_0.WidgetTree_97.SettingVideoConfig
	Function /Game/QualityMenu/Hud/SettingsMenuVideoConfig.SettingsMenuVideoConfig_C:ExecuteUbergraph_SettingsMenuVideoConfig:0340
[2015.08.02-14.34.34:005][  0]LogScript:Warning: Accessed None 'Game Settings'
	SettingsMenuVideoConfig_C /Engine/Transient.GameEngine_0:GameInstance_0.SettingsMenuMain_C_0.WidgetTree_97.SettingVideoConfig
	Function /Game/QualityMenu/Hud/SettingsMenuVideoConfig.SettingsMenuVideoConfig_C:Update Anti-Aliasing Quality:000B
[2015.08.02-14.34.34:005][  0]LogScript:Warning: Attempt to assign variable through None
	SettingsMenuVideoConfig_C /Engine/Transient.GameEngine_0:GameInstance_0.SettingsMenuMain_C_0.WidgetTree_97.SettingVideoConfig
	Function /Game/QualityMenu/Hud/SettingsMenuVideoConfig.SettingsMenuVideoConfig_C:Update Anti-Aliasing Quality:0021
[2015.08.02-14.34.34:005][  0]LogScript:Warning: Accessed None 'Game Settings'
	SettingsMenuVideoConfig_C /Engine/Transient.GameEngine_0:GameInstance_0.SettingsMenuMain_C_0.WidgetTree_97.SettingVideoConfig
	Function /Game/QualityMenu/Hud/SettingsMenuVideoConfig.SettingsMenuVideoConfig_C:ExecuteUbergraph_SettingsMenuVideoConfig:036E
[2015.08.02-14.34.34:005][  0]LogScript:Warning: Accessed None 'Game Settings'
	SettingsMenuVideoConfig_C /Engine/Transient.GameEngine_0:GameInstance_0.SettingsMenuMain_C_0.WidgetTree_97.SettingVideoConfig
	Function /Game/QualityMenu/Hud/SettingsMenuVideoConfig.SettingsMenuVideoConfig_C:Update Post Processing Quality:000B
[2015.08.02-14.34.34:005][  0]LogScript:Warning: Attempt to assign variable through None
	SettingsMenuVideoConfig_C /Engine/Transient.GameEngine_0:GameInstance_0.SettingsMenuMain_C_0.WidgetTree_97.SettingVideoConfig
	Function /Game/QualityMenu/Hud/SettingsMenuVideoConfig.SettingsMenuVideoConfig_C:Update Post Processing Quality:0021
[2015.08.02-14.34.34:005][  0]LogScript:Warning: Accessed None 'Game Settings'
	SettingsMenuVideoConfig_C /Engine/Transient.GameEngine_0:GameInstance_0.SettingsMenuMain_C_0.WidgetTree_97.SettingVideoConfig
	Function /Game/QualityMenu/Hud/SettingsMenuVideoConfig.SettingsMenuVideoConfig_C:ExecuteUbergraph_SettingsMenuVideoConfig:039C
[2015.08.02-14.34.34:005][  0]LogBlueprintUserMessages: Error: Unable to fetch GameSettings. Has Game Instance properly implemented GameSettingsInterface?
[2015.08.02-14.34.34:005][  0]LogScript:Warning: Accessed None 'Game Settings'
	SettingsMenuMouseConfig_C /Engine/Transient.GameEngine_0:GameInstance_0.SettingsMenuMain_C_0.WidgetTree_97.SettingsMouseConfig
	Function /Game/QualityMenu/Hud/SettingsMenuMouseConfig.SettingsMenuMouseConfig_C:ExecuteUbergraph_SettingsMenuMouseConfig:052A
[2015.08.02-14.34.34:005][  0]LogScript:Warning: Accessed None 'Game Settings'
	SettingsMenuMouseConfig_C /Engine/Transient.GameEngine_0:GameInstance_0.SettingsMenuMain_C_0.WidgetTree_97.SettingsMouseConfig
	Function /Game/QualityMenu/Hud/SettingsMenuMouseConfig.SettingsMenuMouseConfig_C:ExecuteUbergraph_SettingsMenuMouseConfig:040F
[2015.08.02-14.34.34:005][  0]LogScript:Warning: Accessed None 'Game Settings'
	SettingsMenuMouseConfig_C /Engine/Transient.GameEngine_0:GameInstance_0.SettingsMenuMain_C_0.WidgetTree_97.SettingsMouseConfig
	Function /Game/QualityMenu/Hud/SettingsMenuMouseConfig.SettingsMenuMouseConfig_C:ExecuteUbergraph_SettingsMenuMouseConfig:0484
[2015.08.02-14.34.34:005][  0]LogScript:Warning: Accessed None 'Game Settings'
	SettingsMenuMouseConfig_C /Engine/Transient.GameEngine_0:GameInstance_0.SettingsMenuMain_C_0.WidgetTree_97.SettingsMouseConfig
	Function /Game/QualityMenu/Hud/SettingsMenuMouseConfig.SettingsMenuMouseConfig_C:ExecuteUbergraph_SettingsMenuMouseConfig:0369
[2015.08.02-14.34.34:006][  0]LogBlueprintUserMessages: Error: Unable to fetch GameSettings. Has Game Instance properly implemented GameSettingsInterface?
[2015.08.02-14.34.34:006][  0]LogScript:Warning: Accessed None 'Game Settings'
	SettingsMenuMyCustomConfig_C /Engine/Transient.GameEngine_0:GameInstance_0.SettingsMenuMain_C_0.WidgetTree_97.SettingsMyCustomConfig
	Function /Game/QualityMenu/Hud/SettingsMenuMyCustomConfig.SettingsMenuMyCustomConfig_C:ExecuteUbergraph_SettingsMenuMyCustomConfig:0B51
[2015.08.02-14.34.34:006][  0]LogScript:Warning: Accessed None 'Game Settings'
	SettingsMenuMyCustomConfig_C /Engine/Transient.GameEngine_0:GameInstance_0.SettingsMenuMain_C_0.WidgetTree_97.SettingsMyCustomConfig
	Function /Game/QualityMenu/Hud/SettingsMenuMyCustomConfig.SettingsMenuMyCustomConfig_C:ExecuteUbergraph_SettingsMenuMyCustomConfig:0A6F
[2015.08.02-14.34.34:006][  0]LogScript:Warning: Accessed None 'Game Settings'
	SettingsMenuMyCustomConfig_C /Engine/Transient.GameEngine_0:GameInstance_0.SettingsMenuMain_C_0.WidgetTree_97.SettingsMyCustomConfig
	Function /Game/QualityMenu/Hud/SettingsMenuMyCustomConfig.SettingsMenuMyCustomConfig_C:ExecuteUbergraph_SettingsMenuMyCustomConfig:0B01
[2015.08.02-14.34.34:006][  0]LogScript:Warning: Accessed None 'Game Settings'
	SettingsMenuMyCustomConfig_C /Engine/Transient.GameEngine_0:GameInstance_0.SettingsMenuMain_C_0.WidgetTree_97.SettingsMyCustomConfig
	Function /Game/QualityMenu/Hud/SettingsMenuMyCustomConfig.SettingsMenuMyCustomConfig_C:ExecuteUbergraph_SettingsMenuMyCustomConfig:091C
[2015.08.02-14.34.34:006][  0]LogBlueprintUserMessages: Error: Unable to fetch GameSettings. Has Game Instance properly implemented GameSettingsInterface?
[2015.08.02-14.34.34:007][  0]LogInit:Display: Game Engine Initialized.
[2015.08.02-14.34.34:090][  0]LogLoad: Full Startup: 13.29 seconds (BP compile: 2.08 seconds)
[2015.08.02-14.34.34:115][  0]LogContentStreaming: Texture pool size is 1000.000000MB
[2015.08.02-14.34.34:135][  0]LogRenderer: Reallocating scene render targets to support 1280x720 (Frame:2).
[2015.08.02-14.34.34:759][  1]LogScript:Warning: Accessed None 'GameSettings'
	ThirdPersonCharacter_C /Game/ThirdPersonBP/Maps/ThirdPersonExampleMap.ThirdPersonExampleMap:PersistentLevel.ThirdPersonCharacter_C_1
	Function /Game/ThirdPersonBP/Blueprints/ThirdPersonCharacter.ThirdPersonCharacter_C:ExecuteUbergraph_ThirdPersonCharacter:0574
[2015.08.02-14.34.34:759][  1]LogScript:Warning: Accessed None 'GameSettings'
	ThirdPersonCharacter_C /Game/ThirdPersonBP/Maps/ThirdPersonExampleMap.ThirdPersonExampleMap:PersistentLevel.ThirdPersonCharacter_C_1
	Function /Game/ThirdPersonBP/Blueprints/ThirdPersonCharacter.ThirdPersonCharacter_C:ExecuteUbergraph_ThirdPersonCharacter:07A4
[2015.08.02-14.34.34:759][  1]LogScript:Warning: Accessed None 'GameSettings'
	ThirdPersonCharacter_C /Game/ThirdPersonBP/Maps/ThirdPersonExampleMap.ThirdPersonExampleMap:PersistentLevel.ThirdPersonCharacter_C_1
	Function /Game/ThirdPersonBP/Blueprints/ThirdPersonCharacter.ThirdPersonCharacter_C:ExecuteUbergraph_ThirdPersonCharacter:0320
[2015.08.02-14.34.34:759][  1]LogScript:Warning: Accessed None 'GameSettings'
	ThirdPersonCharacter_C /Game/ThirdPersonBP/Maps/ThirdPersonExampleMap.ThirdPersonExampleMap:PersistentLevel.ThirdPersonCharacter_C_1
	Function /Game/ThirdPersonBP/Blueprints/ThirdPersonCharacter.ThirdPersonCharacter_C:ExecuteUbergraph_ThirdPersonCharacter:04E7
[2015.08.02-14.34.34:831][  1]LogCharacterMovement:Warning: GetSimulationTimeStep() - Max iterations 8 hit while remaining time 0.072105 > MaxSimulationTimeStep (0.050) for 'ThirdPersonCharacter_C_1'
[2015.08.02-14.34.34:906][  2]LogScript:Warning: Accessed None 'GameSettings'
	ThirdPersonCharacter_C /Game/ThirdPersonBP/Maps/ThirdPersonExampleMap.ThirdPersonExampleMap:PersistentLevel.ThirdPersonCharacter_C_1
	Function /Game/ThirdPersonBP/Blueprints/ThirdPersonCharacter.ThirdPersonCharacter_C:ExecuteUbergraph_ThirdPersonCharacter:0574
[2015.08.02-14.34.34:906][  2]LogScript:Warning: Accessed None 'GameSettings'
	ThirdPersonCharacter_C /Game/ThirdPersonBP/Maps/ThirdPersonExampleMap.ThirdPersonExampleMap:PersistentLevel.ThirdPersonCharacter_C_1
	Function /Game/ThirdPersonBP/Blueprints/ThirdPersonCharacter.ThirdPersonCharacter_C:ExecuteUbergraph_ThirdPersonCharacter:07A4
[2015.08.02-14.34.34:906][  2]LogScript:Warning: Accessed None 'GameSettings'
	ThirdPersonCharacter_C /Game/ThirdPersonBP/Maps/ThirdPersonExampleMap.ThirdPersonExampleMap:PersistentLevel.ThirdPersonCharacter_C_1
	Function /Game/ThirdPersonBP/Blueprints/ThirdPersonCharacter.ThirdPersonCharacter_C:ExecuteUbergraph_ThirdPersonCharacter:0320
[2015.08.02-14.34.34:906][  2]LogScript:Warning: Accessed None 'GameSettings'
	ThirdPersonCharacter_C /Game/ThirdPersonBP/Maps/ThirdPersonExampleMap.ThirdPersonExampleMap:PersistentLevel.ThirdPersonCharacter_C_1
	Function /Game/ThirdPersonBP/Blueprints/ThirdPersonCharacter.ThirdPersonCharacter_C:ExecuteUbergraph_ThirdPersonCharacter:04E7
[2015.08.02-14.34.34:980][  3]LogScript:Warning: Accessed None 'GameSettings'
	ThirdPersonCharacter_C /Game/ThirdPersonBP/Maps/ThirdPersonExampleMap.ThirdPersonExampleMap:PersistentLevel.ThirdPersonCharacter_C_1
	Function /Game/ThirdPersonBP/Blueprints/ThirdPersonCharacter.ThirdPersonCharacter_C:ExecuteUbergraph_ThirdPersonCharacter:0574
[2015.08.02-14.34.34:980][  3]LogScript:Warning: Accessed None 'GameSettings'
	ThirdPersonCharacter_C /Game/ThirdPersonBP/Maps/ThirdPersonExampleMap.ThirdPersonExampleMap:PersistentLevel.ThirdPersonCharacter_C_1
	Function /Game/ThirdPersonBP/Blueprints/ThirdPersonCharacter.ThirdPersonCharacter_C:ExecuteUbergraph_ThirdPersonCharacter:07A4
[2015.08.02-14.34.34:980][  3]LogScript:Warning: Accessed None 'GameSettings'
	ThirdPersonCharacter_C /Game/ThirdPersonBP/Maps/ThirdPersonExampleMap.ThirdPersonExampleMap:PersistentLevel.ThirdPersonCharacter_C_1
	Function /Game/ThirdPersonBP/Blueprints/ThirdPersonCharacter.ThirdPersonCharacter_C:ExecuteUbergraph_ThirdPersonCharacter:0320
[2015.08.02-14.34.34:980][  3]LogScript:Warning: Accessed None 'GameSettings'
	ThirdPersonCharacter_C /Game/ThirdPersonBP/Maps/ThirdPersonExampleMap.ThirdPersonExampleMap:PersistentLevel.ThirdPersonCharacter_C_1
	Function /Game/ThirdPersonBP/Blueprints/ThirdPersonCharacter.ThirdPersonCharacter_C:ExecuteUbergraph_ThirdPersonCharacter:04E7
[2015.08.02-14.34.35:054][  4]LogScript:Warning: Accessed None 'GameSettings'
	ThirdPersonCharacter_C /Game/ThirdPersonBP/Maps/ThirdPersonExampleMap.ThirdPersonExampleMap:PersistentLevel.ThirdPersonCharacter_C_1
	Function /Game/ThirdPersonBP/Blueprints/ThirdPersonCharacter.ThirdPersonCharacter_C:ExecuteUbergraph_ThirdPersonCharacter:0574
[2015.08.02-14.34.35:054][  4]LogScript:Warning: Accessed None 'GameSettings'
	ThirdPersonCharacter_C /Game/ThirdPersonBP/Maps/ThirdPersonExampleMap.ThirdPersonExampleMap:PersistentLevel.ThirdPersonCharacter_C_1
	Function /Game/ThirdPersonBP/Blueprints/ThirdPersonCharacter.ThirdPersonCharacter_C:ExecuteUbergraph_ThirdPersonCharacter:07A4
[2015.08.02-14.34.35:054][  4]LogScript:Warning: Accessed None 'GameSettings'
	ThirdPersonCharacter_C /Game/ThirdPersonBP/Maps/ThirdPersonExampleMap.ThirdPersonExampleMap:PersistentLevel.ThirdPersonCharacter_C_1
	Function /Game/ThirdPersonBP/Blueprints/ThirdPersonCharacter.ThirdPersonCharacter_C:ExecuteUbergraph_ThirdPersonCharacter:0320
[2015.08.02-14.34.35:054][  4]LogScript:Warning: Accessed None 'GameSettings'
	ThirdPersonCharacter_C /Game/ThirdPersonBP/Maps/ThirdPersonExampleMap.ThirdPersonExampleMap:PersistentLevel.ThirdPersonCharacter_C_1
	Function /Game/ThirdPersonBP/Blueprints/ThirdPersonCharacter.ThirdPersonCharacter_C:ExecuteUbergraph_ThirdPersonCharacter:04E7
[2015.08.02-14.34.35:128][  5]LogScript:Warning: Accessed None 'GameSettings'
	ThirdPersonCharacter_C /Game/ThirdPersonBP/Maps/ThirdPersonExampleMap.ThirdPersonExampleMap:PersistentLevel.ThirdPersonCharacter_C_1
	Function /Game/ThirdPersonBP/Blueprints/ThirdPersonCharacter.ThirdPersonCharacter_C:ExecuteUbergraph_ThirdPersonCharacter:0574
[2015.08.02-14.34.52:889][190]LogScript:Warning: Accessed None 'Game Settings'
	SettingsMenuMain_C /Engine/Transient.GameEngine_0:GameInstance_0.SettingsMenuMain_C_0
	Function /Game/QualityMenu/Hud/SettingsMenuMain.SettingsMenuMain_C:ExecuteUbergraph_SettingsMenuMain:020A
[2015.08.02-14.34.52:889][190]LogScript:Warning: Accessed None 'Game Settings'
	SettingsMenuAudioConfig_C /Engine/Transient.GameEngine_0:GameInstance_0.SettingsMenuMain_C_0.WidgetTree_97.SettingsAudioConfig
	Function /Game/QualityMenu/Hud/SettingsMenuAudioConfig.SettingsMenuAudioConfig_C:ExecuteUbergraph_SettingsMenuAudioConfig:07F0
[2015.08.02-14.34.52:889][190]LogScript:Warning: Accessed None 'Game Settings'
	SettingsMenuAudioConfig_C /Engine/Transient.GameEngine_0:GameInstance_0.SettingsMenuMain_C_0.WidgetTree_97.SettingsAudioConfig
	Function /Game/QualityMenu/Hud/SettingsMenuAudioConfig.SettingsMenuAudioConfig_C:ExecuteUbergraph_SettingsMenuAudioConfig:0783
[2015.08.02-14.34.52:889][190]LogScript:Warning: Accessed None 'Game Settings'
	SettingsMenuAudioConfig_C /Engine/Transient.GameEngine_0:GameInstance_0.SettingsMenuMain_C_0.WidgetTree_97.SettingsAudioConfig
	Function /Game/QualityMenu/Hud/SettingsMenuAudioConfig.SettingsMenuAudioConfig_C:ExecuteUbergraph_SettingsMenuAudioConfig:06D0
[2015.08.02-14.34.52:889][190]LogScript:Warning: Accessed None 'Game Settings'
	SettingsMenuAudioConfig_C /Engine/Transient.GameEngine_0:GameInstance_0.SettingsMenuMain_C_0.WidgetTree_97.SettingsAudioConfig
	Function /Game/QualityMenu/Hud/SettingsMenuAudioConfig.SettingsMenuAudioConfig_C:ExecuteUbergraph_SettingsMenuAudioConfig:0663
[2015.08.02-14.34.52:889][190]LogScript:Warning: Accessed None 'Game Settings'
	SettingsMenuAudioConfig_C /Engine/Transient.GameEngine_0:GameInstance_0.SettingsMenuMain_C_0.WidgetTree_97.SettingsAudioConfig
	Function /Game/QualityMenu/Hud/SettingsMenuAudioConfig.SettingsMenuAudioConfig_C:ExecuteUbergraph_SettingsMenuAudioConfig:05B0
[2015.08.02-14.34.52:889][190]LogScript:Warning: Accessed None 'Game Settings'
	SettingsMenuAudioConfig_C /Engine/Transient.GameEngine_0:GameInstance_0.SettingsMenuMain_C_0.WidgetTree_97.SettingsAudioConfig
	Function /Game/QualityMenu/Hud/SettingsMenuAudioConfig.SettingsMenuAudioConfig_C:ExecuteUbergraph_SettingsMenuAudioConfig:0543
[2015.08.02-14.34.52:889][190]LogScript:Warning: Accessed None 'Game Settings'
	SettingsMenuAudioConfig_C /Engine/Transient.GameEngine_0:GameInstance_0.SettingsMenuMain_C_0.WidgetTree_97.SettingsAudioConfig
	Function /Game/QualityMenu/Hud/SettingsMenuAudioConfig.SettingsMenuAudioConfig_C:ExecuteUbergraph_SettingsMenuAudioConfig:0490
[2015.08.02-14.34.52:889][190]LogScript:Warning: Accessed None 'Game Settings'
	SettingsMenuMouseConfig_C /Engine/Transient.GameEngine_0:GameInstance_0.SettingsMenuMain_C_0.WidgetTree_97.SettingsMouseConfig
	Function /Game/QualityMenu/Hud/SettingsMenuMouseConfig.SettingsMenuMouseConfig_C:ExecuteUbergraph_SettingsMenuMouseConfig:052A
[2015.08.02-14.34.52:889][190]LogScript:Warning: Accessed None 'Game Settings'
	SettingsMenuMouseConfig_C /Engine/Transient.GameEngine_0:GameInstance_0.SettingsMenuMain_C_0.WidgetTree_97.SettingsMouseConfig
	Function /Game/QualityMenu/Hud/SettingsMenuMouseConfig.SettingsMenuMouseConfig_C:ExecuteUbergraph_SettingsMenuMouseConfig:040F
[2015.08.02-14.34.52:889][190]LogScript:Warning: Accessed None 'Game Settings'
	SettingsMenuMouseConfig_C /Engine/Transient.GameEngine_0:GameInstance_0.SettingsMenuMain_C_0.WidgetTree_97.SettingsMouseConfig
	Function /Game/QualityMenu/Hud/SettingsMenuMouseConfig.SettingsMenuMouseConfig_C:ExecuteUbergraph_SettingsMenuMouseConfig:0484
[2015.08.02-14.34.52:889][190]LogScript:Warning: Accessed None 'Game Settings'
	SettingsMenuMouseConfig_C /Engine/Transient.GameEngine_0:GameInstance_0.SettingsMenuMain_C_0.WidgetTree_97.SettingsMouseConfig
	Function /Game/QualityMenu/Hud/SettingsMenuMouseConfig.SettingsMenuMouseConfig_C:ExecuteUbergraph_SettingsMenuMouseConfig:0369
[2015.08.02-14.34.52:889][190]LogScript:Warning: Accessed None 'Game Settings'
	SettingsMenuMyCustomConfig_C /Engine/Transient.GameEngine_0:GameInstance_0.SettingsMenuMain_C_0.WidgetTree_97.SettingsMyCustomConfig
	Function /Game/QualityMenu/Hud/SettingsMenuMyCustomConfig.SettingsMenuMyCustomConfig_C:ExecuteUbergraph_SettingsMenuMyCustomConfig:0B51
[2015.08.02-14.34.52:890][190]LogScript:Warning: Accessed None 'Game Settings'
	SettingsMenuMyCustomConfig_C /Engine/Transient.GameEngine_0:GameInstance_0.SettingsMenuMain_C_0.WidgetTree_97.SettingsMyCustomConfig
	Function /Game/QualityMenu/Hud/SettingsMenuMyCustomConfig.SettingsMenuMyCustomConfig_C:ExecuteUbergraph_SettingsMenuMyCustomConfig:0A6F
[2015.08.02-14.34.52:890][190]LogScript:Warning: Accessed None 'Game Settings'
	SettingsMenuMyCustomConfig_C /Engine/Transient.GameEngine_0:GameInstance_0.SettingsMenuMain_C_0.WidgetTree_97.SettingsMyCustomConfig
	Function /Game/QualityMenu/Hud/SettingsMenuMyCustomConfig.SettingsMenuMyCustomConfig_C:ExecuteUbergraph_SettingsMenuMyCustomConfig:0B01
[2015.08.02-14.34.52:890][190]LogScript:Warning: Accessed None 'Game Settings'
	SettingsMenuMyCustomConfig_C /Engine/Transient.GameEngine_0:GameInstance_0.SettingsMenuMain_C_0.WidgetTree_97.SettingsMyCustomConfig
	Function /Game/QualityMenu/Hud/SettingsMenuMyCustomConfig.SettingsMenuMyCustomConfig_C:ExecuteUbergraph_SettingsMenuMyCustomConfig:091C
[2015.08.02-14.35.23:445][549]LogEngine: All Windows Closed
[2015.08.02-14.35.23:445][549]LogWindows: FPlatformMisc::RequestExit(0)
[2015.08.02-14.35.23:921][550]LogExit: Preparing to exit.
[2015.08.02-14.35.24:079][550]LogExit: Game engine shut down
[2015.08.02-14.35.24:079][550]LogParticles: Destroying 0 GPU particle simulations for FXSystem 0x0000000025995BC0
[2015.08.02-14.35.24:332][550]LogExit: Object subsystem successfully closed.
[2015.08.02-14.35.24:367][550]LogD3D11RHI: Shutdown
[2015.08.02-14.35.24:367][550]LogD3D11RHI: CleanupD3DDevice
[2015.08.02-14.35.24:910][550]LogD3D11RHI: ~FD3D11DynamicRHI
[2015.08.02-14.35.24:922][550]LogModuleManager: Shutting down and abandoning module AndroidDeviceDetection (109)
[2015.08.02-14.35.25:233][550]LogModuleManager: Shutting down and abandoning module AutomationWorker (108)
[2015.08.02-14.35.25:233][550]LogModuleManager: Shutting down and abandoning module CharacterAI (107)
[2015.08.02-14.35.25:233][550]LogModuleManager: Shutting down and abandoning module AITestSuite (106)
[2015.08.02-14.35.25:233][550]LogModuleManager: Shutting down and abandoning module GameplayDebugger (105)
[2015.08.02-14.35.25:233][550]LogModuleManager: Shutting down and abandoning module AIModule (104)
[2015.08.02-14.35.25:233][550]LogModuleManager: Shutting down and abandoning module GameLiveStreaming (103)
[2015.08.02-14.35.25:233][550]LogModuleManager: Shutting down and abandoning module StreamingPauseRendering (102)
[2015.08.02-14.35.25:233][550]LogModuleManager: Shutting down and abandoning module ProfilerService (101)
[2015.08.02-14.35.25:338][550]LogModuleManager: Shutting down and abandoning module TaskGraph (100)
[2015.08.02-14.35.25:338][550]LogModuleManager: Shutting down and abandoning module SlateRemote (99)
[2015.08.02-14.35.25:338][550]LogModuleManager: Shutting down and abandoning module SteamVRController (98)
[2015.08.02-14.35.25:338][550]LogModuleManager: Shutting down and abandoning module SteamVR (97)
[2015.08.02-14.35.25:338][550]LogModuleManager: Shutting down and abandoning module ProceduralMeshComponent (96)
[2015.08.02-14.35.25:338][550]LogModuleManager: Shutting down and abandoning module OculusRift (95)
[2015.08.02-14.35.25:338][550]LogModuleManager: Shutting down and abandoning module LeapMotionController (94)
[2015.08.02-14.35.25:344][550]LogModuleManager: Shutting down and abandoning module CustomMeshComponent (93)
[2015.08.02-14.35.25:344][550]LogModuleManager: Shutting down and abandoning module CableComponent (92)
[2015.08.02-14.35.25:344][550]LogModuleManager: Shutting down and abandoning module DesktopPlatform (91)
[2015.08.02-14.35.25:344][550]LogModuleManager: Shutting down and abandoning module DirectoryWatcher (90)
[2015.08.02-14.35.25:344][550]LogModuleManager: Shutting down and abandoning module HotReload (89)
[2015.08.02-14.35.25:344][550]LogModuleManager: Shutting down and abandoning module VisualStudioSourceCodeAccess (88)
[2015.08.02-14.35.25:344][550]LogModuleManager: Shutting down and abandoning module UObjectPlugin (87)
[2015.08.02-14.35.25:344][550]LogModuleManager: Shutting down and abandoning module SubversionSourceControl (86)
[2015.08.02-14.35.25:344][550]LogModuleManager: Shutting down and abandoning module SourceControl (85)
[2015.08.02-14.35.25:344][550]LogModuleManager: Shutting down and abandoning module PerforceSourceControl (84)
[2015.08.02-14.35.25:344][550]LogModuleManager: Shutting down and abandoning module BlankPlugin (83)
[2015.08.02-14.35.25:345][550]LogModuleManager: Shutting down and abandoning module UdpMessaging (82)
[2015.08.02-14.35.25:345][550]LogModuleManager: Shutting down and abandoning module AssetRegistry (81)
[2015.08.02-14.35.25:345][550]LogModuleManager: Shutting down and abandoning module SubstanceCore (80)
[2015.08.02-14.35.25:345][550]LogModuleManager: Shutting down and abandoning module Paper2D (79)
[2015.08.02-14.35.25:345][550]LogModuleManager: Shutting down and abandoning module WindowsMoviePlayer (78)
[2015.08.02-14.35.25:348][550]LogModuleManager: Shutting down and abandoning module Media (77)
[2015.08.02-14.35.25:349][550]LogModuleManager: Shutting down and abandoning module WmfMedia (76)
[2015.08.02-14.35.25:389][550]LogModuleManager: Shutting down and abandoning module OnlineBlueprintSupport (75)
[2015.08.02-14.35.25:389][550]LogModuleManager: Shutting down and abandoning module PropertyEditor (74)
[2015.08.02-14.35.25:389][550]LogModuleManager: Shutting down and abandoning module BehaviorTreeEditor (73)
[2015.08.02-14.35.25:389][550]LogModuleManager: Shutting down and abandoning module FunctionalTesting (72)
[2015.08.02-14.35.25:389][550]LogModuleManager: Shutting down and abandoning module CollisionAnalyzer (71)
[2015.08.02-14.35.25:389][550]LogModuleManager: Shutting down and abandoning module WorkspaceMenuStructure (70)
[2015.08.02-14.35.25:389][550]LogModuleManager: Shutting down and abandoning module MessageLog (69)
[2015.08.02-14.35.25:389][550]LogModuleManager: Shutting down and abandoning module Sequencer (68)
[2015.08.02-14.35.25:389][550]LogModuleManager: Shutting down and abandoning module AssetTools (67)
[2015.08.02-14.35.25:389][550]LogModuleManager: Shutting down and abandoning module UMGEditor (66)
[2015.08.02-14.35.25:389][550]LogModuleManager: Shutting down and abandoning module UMG (65)
[2015.08.02-14.35.25:389][550]LogModuleManager: Shutting down and abandoning module Slate (64)
[2015.08.02-14.35.25:389][550]LogModuleManager: Shutting down and abandoning module EditorStyle (63)
[2015.08.02-14.35.25:391][550]LogModuleManager: Shutting down and abandoning module SessionServices (62)
[2015.08.02-14.35.25:391][550]LogModuleManager: Shutting down and abandoning module SourceCodeAccess (61)
[2015.08.02-14.35.25:391][550]LogModuleManager: Shutting down and abandoning module HeadMountedDisplay (60)
[2015.08.02-14.35.25:391][550]LogModuleManager: Shutting down and abandoning module XAudio2 (59)
[2015.08.02-14.35.25:391][550]LogModuleManager: Shutting down and abandoning module Networking (57)
[2015.08.02-14.35.25:391][550]LogModuleManager: Shutting down and abandoning module Core (56)
[2015.08.02-14.35.25:391][550]LogModuleManager: Shutting down and abandoning module KismetCompiler (55)
[2015.08.02-14.35.25:391][550]LogModuleManager: Shutting down and abandoning module PhysXFormats (54)
[2015.08.02-14.35.25:391][550]LogModuleManager: Shutting down and abandoning module MeshUtilities (53)
[2015.08.02-14.35.25:391][550]LogModuleManager: Shutting down and abandoning module DerivedDataCache (52)
[2015.08.02-14.35.25:653][550]LogDerivedDataCache: Shutdown
[2015.08.02-14.35.25:653][550]LogModuleManager: Shutting down and abandoning module ShaderFormatOpenGL (51)
[2015.08.02-14.35.25:653][550]LogModuleManager: Shutting down and abandoning module ShaderFormatD3D (50)
[2015.08.02-14.35.25:653][550]LogModuleManager: Shutting down and abandoning module MetalShaderFormat (49)
[2015.08.02-14.35.25:653][550]LogModuleManager: Shutting down and abandoning module TextureFormatUncompressed (48)
[2015.08.02-14.35.25:653][550]LogModuleManager: Shutting down and abandoning module TextureFormatPVR (47)
[2015.08.02-14.35.25:653][550]LogModuleManager: Shutting down and abandoning module TextureFormatIntelISPCTexComp (46)
[2015.08.02-14.35.25:653][550]LogModuleManager: Shutting down and abandoning module TextureFormatDXT (45)
[2015.08.02-14.35.25:653][550]LogModuleManager: Shutting down and abandoning module ImageWrapper (44)
[2015.08.02-14.35.25:653][550]LogModuleManager: Shutting down and abandoning module TextureFormatASTC (43)
[2015.08.02-14.35.25:653][550]LogModuleManager: Shutting down and abandoning module TextureFormatAndroid (42)
[2015.08.02-14.35.25:653][550]LogModuleManager: Shutting down and abandoning module AudioFormatOpus (41)
[2015.08.02-14.35.25:653][550]LogModuleManager: Shutting down and abandoning module AudioFormatOgg (40)
[2015.08.02-14.35.25:653][550]LogModuleManager: Shutting down and abandoning module AudioFormatADPCM (39)
[2015.08.02-14.35.25:653][550]LogModuleManager: Shutting down and abandoning module LinuxTargetPlatform (38)
[2015.08.02-14.35.25:653][550]LogModuleManager: Shutting down and abandoning module LinuxServerTargetPlatform (37)
[2015.08.02-14.35.25:653][550]LogModuleManager: Shutting down and abandoning module LinuxNoEditorTargetPlatform (36)
[2015.08.02-14.35.25:653][550]LogModuleManager: Shutting down and abandoning module Messaging (35)
[2015.08.02-14.35.25:653][550]LogModuleManager: Shutting down and abandoning module IOSTargetPlatform (34)
[2015.08.02-14.35.25:653][550]LogModuleManager: Shutting down and abandoning module HTML5TargetPlatform (33)
[2015.08.02-14.35.25:653][550]LogModuleManager: Shutting down and abandoning module Android_PVRTCTargetPlatform (32)
[2015.08.02-14.35.25:653][550]LogModuleManager: Shutting down and abandoning module Android_ETC2TargetPlatform (31)
[2015.08.02-14.35.25:653][550]LogModuleManager: Shutting down and abandoning module Android_ETC1TargetPlatform (30)
[2015.08.02-14.35.25:653][550]LogModuleManager: Shutting down and abandoning module Android_DXTTargetPlatform (29)
[2015.08.02-14.35.25:653][550]LogModuleManager: Shutting down and abandoning module Android_ATCTargetPlatform (28)
[2015.08.02-14.35.25:653][550]LogModuleManager: Shutting down and abandoning module Android_ASTCTargetPlatform (27)
[2015.08.02-14.35.25:653][550]LogModuleManager: Shutting down and abandoning module AndroidTargetPlatform (26)
[2015.08.02-14.35.25:653][550]LogModuleManager: Shutting down and abandoning module WindowsTargetPlatform (25)
[2015.08.02-14.35.25:653][550]LogModuleManager: Shutting down and abandoning module WindowsServerTargetPlatform (24)
[2015.08.02-14.35.25:653][550]LogModuleManager: Shutting down and abandoning module WindowsNoEditorTargetPlatform (23)
[2015.08.02-14.35.25:653][550]LogModuleManager: Shutting down and abandoning module WindowsClientTargetPlatform (22)
[2015.08.02-14.35.25:653][550]LogModuleManager: Shutting down and abandoning module DesktopTargetPlatform (21)
[2015.08.02-14.35.25:653][550]LogModuleManager: Shutting down and abandoning module TargetPlatform (20)
[2015.08.02-14.35.25:653][550]LogModuleManager: Shutting down and abandoning module InputCore (19)
[2015.08.02-14.35.25:653][550]LogModuleManager: Shutting down and abandoning module Settings (18)
[2015.08.02-14.35.25:653][550]LogModuleManager: Shutting down and abandoning module OnlineSubsystem (16)
[2015.08.02-14.35.25:653][550]LogModuleManager: Shutting down and abandoning module HTTP (15)
[2015.08.02-14.35.25:654][550]LogModuleManager: Shutting down and abandoning module ExampleDeviceProfileSelector (14)
[2015.08.02-14.35.25:654][550]LogModuleManager: Shutting down and abandoning module TextureCompressor (13)
[2015.08.02-14.35.25:654][550]LogModuleManager: Shutting down and abandoning module ShaderCore (12)
[2015.08.02-14.35.25:654][550]LogModuleManager: Shutting down and abandoning module Landscape (11)
[2015.08.02-14.35.25:654][550]LogModuleManager: Shutting down and abandoning module SlateRHIRenderer (10)
[2015.08.02-14.35.25:654][550]LogModuleManager: Shutting down and abandoning module OpenGLDrv (9)
[2015.08.02-14.35.25:654][550]LogModuleManager: Shutting down and abandoning module D3D11RHI (8)
[2015.08.02-14.35.25:654][550]LogModuleManager: Shutting down and abandoning module Renderer (7)
[2015.08.02-14.35.25:654][550]LogModuleManager: Shutting down and abandoning module Engine (6)
[2015.08.02-14.35.25:654][550]LogModuleManager: Shutting down and abandoning module CoreUObject (5)
[2015.08.02-14.35.25:654][550]LogModuleManager: Shutting down and abandoning module NetworkFile (4)
[2015.08.02-14.35.25:654][550]LogModuleManager: Shutting down and abandoning module StreamingFile (3)
[2015.08.02-14.35.25:654][550]LogModuleManager: Shutting down and abandoning module SandboxFile (2)
[2015.08.02-14.35.25:654][550]LogModuleManager: Shutting down and abandoning module PakFile (1)
[2015.08.02-14.35.25:655][550]LogExit: Exiting.
[2015.08.02-14.35.25:656][550]Log file closed, 08/02/15 07:35:25
