[2015.08.02-14.27.09:021][  0]Log file open, 08/02/15 07:27:09
[2015.08.02-14.27.09:021][  0]LogInit:Display: Running engine for game: ArkProject_v3
[2015.08.02-14.27.09:021][  0]LogInit:Display: RandInit(-1009727981) SRandInit(-1009727981).
[2015.08.02-14.27.09:021][  0]LogTaskGraph: Started task graph with 4 named threads and 7 total threads.
[2015.08.02-14.27.09:021][  0]LogStats: Stats thread started
[2015.08.02-14.27.09:021][  0]LogInit: Version: 4.8.3-2634408+++depot+UE4-Releases+4.8
[2015.08.02-14.27.09:021][  0]LogInit: API Version: 2579680
[2015.08.02-14.27.09:021][  0]LogInit: Compiled (64-bit): Jul 27 2015 16:24:33
[2015.08.02-14.27.09:021][  0]LogInit: Compiled with Visual C++: 18.00.21005.01
[2015.08.02-14.27.09:021][  0]LogInit: Build Configuration: Development
[2015.08.02-14.27.09:021][  0]LogInit: Branch Name: ++depot+UE4-Releases+4.8
[2015.08.02-14.27.09:021][  0]LogInit: Command line:  
[2015.08.02-14.27.09:021][  0]LogInit: Base directory: C:/Program Files/Epic Games/4.8/Engine/Binaries/Win64/
[2015.08.02-14.27.09:021][  0]LogInit: Rocket: 1
[2015.08.02-14.27.09:035][  0]LogInit: Using libcurl 7.41.0
[2015.08.02-14.27.09:035][  0]LogInit:  - built for x86_64-pc-win32
[2015.08.02-14.27.09:035][  0]LogInit:  - supports SSL with WinSSL
[2015.08.02-14.27.09:035][  0]LogInit:  - other features:
[2015.08.02-14.27.09:035][  0]LogInit:      CURL_VERSION_SSL
[2015.08.02-14.27.09:035][  0]LogInit:      CURL_VERSION_IPV6
[2015.08.02-14.27.09:035][  0]LogInit:      CURL_VERSION_ASYNCHDNS
[2015.08.02-14.27.09:035][  0]LogInit:      CURL_VERSION_LARGEFILE
[2015.08.02-14.27.09:035][  0]LogInit:      CURL_VERSION_IDN
[2015.08.02-14.27.09:036][  0]LogInit:  CurlRequestOptions (configurable via config and command line):
[2015.08.02-14.27.09:036][  0]LogInit:  - bVerifyPeer = true  - Libcurl will verify peer certificate
[2015.08.02-14.27.09:036][  0]LogInit:  - bUseHttpProxy = false  - Libcurl will NOT use HTTP proxy
[2015.08.02-14.27.09:036][  0]LogInit:  - bDontReuseConnections = false  - Libcurl will reuse connections
[2015.08.02-14.27.09:036][  0]LogInit:  - CertBundlePath = nullptr  - Libcurl will use whatever was configured at build time.
[2015.08.02-14.27.09:050][  0]LogOnline:Warning: No default platform service specified for OnlineSubsystem
[2015.08.02-14.27.09:066][  0]LogInit: Presizing for 0 objects not considered by GC, pre-allocating 0 bytes.
[2015.08.02-14.27.09:075][  0]LogInit: Object subsystem initialized
[2015.08.02-14.27.09:076][  0]LogConsoleResponse:Warning: Skipping Unknown console variable: 'TranslucentSortAxis = (X=0.000000,Y=-1.000000,Z=0.000000)'
[2015.08.02-14.27.09:076][  0]LogConsoleResponse:Warning:   Found in ini file 'C:/Users/joe/Documents/Unreal Projects/ArkProject_v3/Saved/Config/Windows/Engine.ini', in section '[/Script/Engine.RendererSettings]'
[2015.08.02-14.27.09:076][  0]LogConsoleResponse:Warning: Skipping Unknown console variable: 'UIScaleRule = ShortestSide'
[2015.08.02-14.27.09:076][  0]LogConsoleResponse:Warning:   Found in ini file 'C:/Users/joe/Documents/Unreal Projects/ArkProject_v3/Saved/Config/Windows/Engine.ini', in section '[/Script/Engine.RendererSettings]'
[2015.08.02-14.27.09:076][  0]LogConsoleResponse:Warning: Skipping Unknown console variable: 'UIScaleCurve = (EditorCurveData=(Keys=),ExternalCurve=None)'
[2015.08.02-14.27.09:076][  0]LogConsoleResponse:Warning:   Found in ini file 'C:/Users/joe/Documents/Unreal Projects/ArkProject_v3/Saved/Config/Windows/Engine.ini', in section '[/Script/Engine.RendererSettings]'
[2015.08.02-14.27.09:077][  0]LogInit: Selected Device Profile: [Windows]
[2015.08.02-14.27.09:077][  0]LogInit: Applying CVar settings loaded from the selected device profile: [Windows]
[2015.08.02-14.27.09:084][  0]LogInit: Computer: G74SX
[2015.08.02-14.27.09:084][  0]LogInit: User: joe
[2015.08.02-14.27.09:084][  0]LogInit: CPU Page size=4096, Cores=4
[2015.08.02-14.27.09:084][  0]LogInit: High frequency timer resolution =2.143613 MHz
[2015.08.02-14.27.09:084][  0]LogMemory: Memory total: Physical=31.5GB (32GB approx)
[2015.08.02-14.27.09:084][  0]LogMemory: Platform Memory Stats for Windows
[2015.08.02-14.27.09:084][  0]LogMemory: Process Physical Memory: 50.32 MB used, 50.32 MB peak
[2015.08.02-14.27.09:084][  0]LogMemory: Process Virtual Memory: 24.26 MB used, 24.26 MB peak
[2015.08.02-14.27.09:084][  0]LogMemory: Physical Memory: 3887.36 MB used, 32241.16 MB total
[2015.08.02-14.27.09:084][  0]LogMemory: Virtual Memory: 283.22 MB used, 8388608.00 MB total
[2015.08.02-14.27.09:123][  0]LogTextLocalizationManager: The requested culture ('en_US') has no localization data; parent culture's ('en') localization data will be used.
[2015.08.02-14.27.09:364][  0]LogTextLocalizationManager:Warning: Loaded localization resources contain conflicting entries for (Namespace:ContentBrowser, Key:ImportAssetToolTip):
Localization Resource: (C:/Program Files/Epic Games/4.8/Engine/Content/Localization/Editor/en/Editor.locres) Source String Hash: (-630476809) Localized String: (Import to {0}...)
Localization Resource: (C:/Program Files/Epic Games/4.8/Engine/Content/Localization/Editor/en/Editor.locres) Source String Hash: (1271782899) Localized String: (Imports an asset from file to this folder.)
[2015.08.02-14.27.09:894][  0]LogD3D11RHI: Found D3D11 adapter 0: NVIDIA GeForce GTX 560M   (Feature Level 11_0)
[2015.08.02-14.27.09:894][  0]LogD3D11RHI: Adapter has 3021MB of dedicated video memory, 0MB of dedicated system memory, and 15864MB of shared system memory, 1 output[s]
[2015.08.02-14.27.09:894][  0]LogD3D11RHI: Chosen D3D11 Adapter Id = 0
[2015.08.02-14.27.09:898][  0]LogD3D11RHI: InitD3DDevice
[2015.08.02-14.27.09:898][  0]LogD3D11RHI: !Direct3DDevice
[2015.08.02-14.27.09:898][  0]LogRHI: Texture pool is 1361 MB (70% of 1945 MB)
[2015.08.02-14.27.09:906][  0]LogD3D11RHI: Async texture creation enabled
[2015.08.02-14.27.09:920][  0]LogShaderCompilers:Display: Using Local Shader Compiler.
[2015.08.02-14.27.10:915][  0]LogTemp:Display: Loaded TP DesktopTargetPlatform
[2015.08.02-14.27.10:932][  0]LogTemp:Display: Loaded TP WindowsClientTargetPlatform
[2015.08.02-14.27.10:948][  0]LogTemp:Display: Loaded TP WindowsNoEditorTargetPlatform
[2015.08.02-14.27.10:964][  0]LogTemp:Display: Loaded TP WindowsServerTargetPlatform
[2015.08.02-14.27.10:982][  0]LogTemp:Display: Loaded TP WindowsTargetPlatform
[2015.08.02-14.27.10:996][  0]LogTemp:Display: Loaded TP AndroidTargetPlatform
[2015.08.02-14.27.11:010][  0]LogTemp:Display: Loaded TP Android_ASTCTargetPlatform
[2015.08.02-14.27.11:024][  0]LogTemp:Display: Loaded TP Android_ATCTargetPlatform
[2015.08.02-14.27.11:039][  0]LogTemp:Display: Loaded TP Android_DXTTargetPlatform
[2015.08.02-14.27.11:053][  0]LogTemp:Display: Loaded TP Android_ETC1TargetPlatform
[2015.08.02-14.27.11:067][  0]LogTemp:Display: Loaded TP Android_ETC2TargetPlatform
[2015.08.02-14.27.11:082][  0]LogTemp:Display: Loaded TP Android_PVRTCTargetPlatform
[2015.08.02-14.27.11:133][  0]LogTemp:Display: Loaded TP IOSTargetPlatform
[2015.08.02-14.27.11:147][  0]LogTemp:Display: Loaded TP LinuxNoEditorTargetPlatform
[2015.08.02-14.27.11:161][  0]LogTemp:Display: Loaded TP LinuxServerTargetPlatform
[2015.08.02-14.27.11:177][  0]LogTemp:Display: Loaded TP LinuxTargetPlatform
[2015.08.02-14.27.11:177][  0]LogTargetPlatformManager:Display: Building Assets For Windows
[2015.08.02-14.27.11:401][  0]LogDerivedDataCache:Display: Max Cache Size: 512 MB
[2015.08.02-14.27.11:457][  0]LogDerivedDataCache: Loaded boot cache 0.06s 53MB C:/Users/joe/AppData/Local/UnrealEngine/4.8/DerivedDataCache/Boot.ddc.
[2015.08.02-14.27.11:457][  0]LogDerivedDataCache:Display: Loaded Boot cache: C:/Users/joe/AppData/Local/UnrealEngine/4.8/DerivedDataCache/Boot.ddc
[2015.08.02-14.27.11:458][  0]LogDerivedDataCache: FDerivedDataBackendGraph:  Pak pak cache file ../../../../../../Users/joe/Documents/Unreal Projects/ArkProject_v3/DerivedDataCache/DDC.ddp not found, will not use a pak cache.
[2015.08.02-14.27.11:458][  0]LogDerivedDataCache: Unable to find inner node Pak for hierarchical cache Hierarchy.
[2015.08.02-14.27.11:458][  0]LogDerivedDataCache: FDerivedDataBackendGraph:  CompressedPak pak cache file ../../../../../../Users/joe/Documents/Unreal Projects/ArkProject_v3/DerivedDataCache/Compressed.ddp not found, will not use a pak cache.
[2015.08.02-14.27.11:458][  0]LogDerivedDataCache: Unable to find inner node CompressedPak for hierarchical cache Hierarchy.
[2015.08.02-14.27.11:652][  0]LogDerivedDataCache:Display: Pak cache opened for reading ../../../Engine/DerivedDataCache/Compressed.ddp.
[2015.08.02-14.27.11:663][  0]LogDerivedDataCache: Using Local data cache path C:/Users/joe/AppData/Local/UnrealEngine/Common/DerivedDataCache: Writable
[2015.08.02-14.27.11:926][  0]LogInit: Selected Device Profile: [Windows]
[2015.08.02-14.27.11:934][  0]ImportText (ComponentSweepMultiTests): Missing closing parenthesis: (RootShapeAsset="/Engine/BasicShapes/Cube.Cube",ShapeType="TriggerCapsule",HitResult=(Time=0.50,Location=(X=-100.000015,Y=0.0,Z=100.000015),ImpactPoint=(X=-50.0,Y=0.0,Z=50.0),Normal=(X=-1.0,Y=-0.0,Z=0.0),ImpactNormal=(X=0.0,Y=0.0,Z=1.0),TraceStart=(X=-200.0,Y=0.0,Z=200.0),TraceEnd=(X=0.0,Y=0.0,Z=0.0))
[2015.08.02-14.27.11:934][  0]ImportText (LineTraceSingleByChannelTests): Missing closing parenthesis: (RootShapeAsset="/Engine/BasicShapes/Cube.Cube",HitResult=(Time=0.50,Location=(X=-100.000015,Y=0.0,Z=100.000015),ImpactPoint=(X=-50.0,Y=0.0,Z=50.0),Normal=(X=-1.0,Y=-0.0,Z=0.0),ImpactNormal=(X=0.0,Y=0.0,Z=1.0),TraceStart=(X=-200.0,Y=0.0,Z=200.0),TraceEnd=(X=0.0,Y=0.0,Z=0.0))
[2015.08.02-14.27.11:965][  0]LogMeshUtilities: No automatic mesh reduction module available
[2015.08.02-14.27.11:965][  0]LogMeshUtilities: No automatic mesh merging module available
[2015.08.02-14.27.12:417][  0]LogInit: WinSock: version 1.1 (2.2), MaxSocks=32767, MaxUdp=65467
[2015.08.02-14.27.13:553][  0]LogAssetRegistry: FAssetRegistry took 0.0096 seconds to start up
[2015.08.02-14.27.13:568][  0]LogDirectoryWatcher:Warning: Failed to begin reading directory changes for ../../../Engine/Plugins/Experimental/CharacterAI/Content/. Error: 0
[2015.08.02-14.27.13:583][  0]UdpMessaging: Initializing bridge on interface 0.0.0.0:0 to multicast group 230.0.0.1:6666.
[2015.08.02-14.27.13:968][  0]SourceControl: Info Source control is disabled
[2015.08.02-14.27.13:979][  0]SourceControl: Info Source control is disabled
[2015.08.02-14.27.13:991][  0]SourceControl: Info Source control is disabled
[2015.08.02-14.27.14:003][  0]SourceControl: Info Source control is disabled
[2015.08.02-14.27.14:341][  0]LogObj: 26440 objects as part of root set at end of initial load.
[2015.08.02-14.27.14:341][  0]LogUObjectAllocator: 5438864 out of 0 bytes used by permanent object pool.
[2015.08.02-14.27.14:420][  0]LogEngine: Initializing Engine...
[2015.08.02-14.27.14:422][  0]LogHMD: Can't find Oculus library dev build: is proper Runtime installed? Version: 0.6.0.0
[2015.08.02-14.27.14:423][  0]LogHMD:Warning: SteamVR failed to initialize.  Error: 110
[2015.08.02-14.27.14:605][  0]LogAIModule: Creating AISystem for world NewWorld
[2015.08.02-14.27.14:610][  0]LogInit: XAudio2 using 'Speakers (Realtek High Definition Audio)' : 2 channels at 48 kHz using 32 bits per sample (channel mask 0x3)
[2015.08.02-14.27.14:651][  0]LogInit: FAudioDevice initialized.
[2015.08.02-14.27.14:679][  0]LogDerivedDataCache: Saved boot cache 0.03s 53MB C:/Users/joe/AppData/Local/UnrealEngine/4.8/DerivedDataCache/Boot.ddc.
[2015.08.02-14.27.14:686][  0]LogInit: Texture streaming: Disabled
[2015.08.02-14.27.14:712][  0]LogAnalytics: Creating configured Analytics provider AnalyticsET
[2015.08.02-14.27.14:712][  0]LogAnalytics: [UEEditor.Rocket.Release] APIServer = http://et2.epicgames.com/ET2/. AppVersion = 4.8.3-2634408+++depot+UE4-Releases+4.8
[2015.08.02-14.27.14:712][  0]LogAnalytics: [UEEditor.Rocket.Release] SetUserId 0d405b434660b90a2f8681823831d5ad|aa52a361bc014e9fab13b1fe55511537|68382385-774e-4bdc-ac37-4fb84b3077b7
[2015.08.02-14.27.14:712][  0]LogAnalytics: [UEEditor.Rocket.Release] AnalyticsET::StartSession
[2015.08.02-14.27.14:735][  0]LogInit: Transaction tracking system initialized
[2015.08.02-14.27.14:877][  0]BlueprintLog: New page: Editor Load
[2015.08.02-14.27.15:572][  0]LogConsoleManager:Warning: Console variable 'r.VSync' wasn't set ('GameSetting' has a lower priority than 'SystemSettingsIni')
[2015.08.02-14.27.15:572][  0]LogConsoleResponse:Display: 
[2015.08.02-14.27.15:707][  0]LogCook:Display: Done creating registry. It took  0.00s.
[2015.08.02-14.27.15:926][  0]SourceControl: Info Source control is disabled
[2015.08.02-14.27.15:926][  0]Cmd: MAP LOAD FILE="../../../../../../Users/joe/Documents/Unreal Projects/ArkProject_v3/Content/ThirdPersonBP/Maps/ThirdPersonExampleMap.umap" TEMPLATE=0 SHOWPROGRESS=1 FEATURELEVEL=3
[2015.08.02-14.27.15:926][  0]LightingResults: New page: Lighting Build
[2015.08.02-14.27.15:940][  0]MapCheck: New page: Map Check
[2015.08.02-14.27.15:940][  0]LightingResults: New page: Lighting Build
[2015.08.02-14.27.15:952][  0]LogParticles: Destroying 0 GPU particle simulations for FXSystem 0x0000000022FDE200
[2015.08.02-14.27.19:382][  0]LogBlueprint:Warning: [compiler ThirdPersonCharacter] Warning Input Axis Event references unknown Axis 'SwimUp' for  InputAxis SwimUp 
[2015.08.02-14.27.19:392][  0]LogBlueprint:Warning: [compiler ThirdPersonCharacter] Warning [0012.26] Compile of ThirdPersonCharacter successful, but with 1 Warning(s) [in 54 ms]
[2015.08.02-14.27.19:392][  0]LogBlueprint:Warning: [compiler ThirdPersonCharacter] Warning [0012.26] Compile of ThirdPersonCharacter successful, but with 2 Warning(s) [in 0 ms]
[2015.08.02-14.27.19:392][  0]LogBlueprint:Warning: [compiler ThirdPersonCharacter] Warning [0012.26] Compile of ThirdPersonCharacter successful, but with 3 Warning(s) [in 0 ms]
[2015.08.02-14.27.19:452][  0]LogBlueprint:Warning: [compiler ThirdPersonCharacter] Warning Input Axis Event references unknown Axis 'SwimUp' for  InputAxis SwimUp 
[2015.08.02-14.27.19:465][  0]LogBlueprint:Warning: [compiler ThirdPersonCharacter] Warning [0012.33] Compile of ThirdPersonCharacter successful, but with 1 Warning(s) [in 56 ms]
[2015.08.02-14.27.19:465][  0]LogBlueprint:Warning: [compiler ThirdPersonCharacter] Warning [0012.33] Compile of ThirdPersonCharacter successful, but with 2 Warning(s) [in 0 ms]
[2015.08.02-14.27.20:521][  0]LogLinker:Warning: Asset '../../../../../../Users/joe/Documents/Unreal Projects/ArkProject_v3/Content/Water.uasset' has been saved with empty engine version. The asset will be loaded but may be incompatible.
[2015.08.02-14.27.20:521][  0]LogLinker:Warning: Unable to load package (../../../../../../Users/joe/Documents/Unreal Projects/ArkProject_v3/Content/Water.uasset). Package contains EditorOnly data which is not supported by the current build or vice versa.
[2015.08.02-14.27.20:521][  0]LogLinker:Warning: Asset '../../../../../../Users/joe/Documents/Unreal Projects/ArkProject_v3/Content/Water.uasset' has been saved with empty engine version. The asset will be loaded but may be incompatible.
[2015.08.02-14.27.20:521][  0]LogLinker:Warning: Unable to load package (../../../../../../Users/joe/Documents/Unreal Projects/ArkProject_v3/Content/Water.uasset). Package contains EditorOnly data which is not supported by the current build or vice versa.
[2015.08.02-14.27.20:588][  0]LogLinker:Warning: Asset '../../../../../../Users/joe/Documents/Unreal Projects/ArkProject_v3/Content/Tsevorda-clouds.uasset' has been saved with empty engine version. The asset will be loaded but may be incompatible.
[2015.08.02-14.27.20:607][  0]LogLinker:Warning: Asset '../../../../../../Users/joe/Documents/Unreal Projects/ArkProject_v3/Content/Water.uasset' has been saved with empty engine version. The asset will be loaded but may be incompatible.
[2015.08.02-14.27.20:607][  0]LogLinker:Warning: Unable to load package (../../../../../../Users/joe/Documents/Unreal Projects/ArkProject_v3/Content/Water.uasset). Package contains EditorOnly data which is not supported by the current build or vice versa.
[2015.08.02-14.27.20:607][  0]LogLinker:Warning: Asset '../../../../../../Users/joe/Documents/Unreal Projects/ArkProject_v3/Content/Water.uasset' has been saved with empty engine version. The asset will be loaded but may be incompatible.
[2015.08.02-14.27.20:607][  0]LogLinker:Warning: Unable to load package (../../../../../../Users/joe/Documents/Unreal Projects/ArkProject_v3/Content/Water.uasset). Package contains EditorOnly data which is not supported by the current build or vice versa.
[2015.08.02-14.27.20:609][  0]LogLinker:Warning: Asset '../../../../../../Users/joe/Documents/Unreal Projects/ArkProject_v3/Content/Water.uasset' has been saved with empty engine version. The asset will be loaded but may be incompatible.
[2015.08.02-14.27.20:609][  0]LogLinker:Warning: Unable to load package (../../../../../../Users/joe/Documents/Unreal Projects/ArkProject_v3/Content/Water.uasset). Package contains EditorOnly data which is not supported by the current build or vice versa.
[2015.08.02-14.27.20:609][  0]LogLinker:Warning: Asset '../../../../../../Users/joe/Documents/Unreal Projects/ArkProject_v3/Content/Water.uasset' has been saved with empty engine version. The asset will be loaded but may be incompatible.
[2015.08.02-14.27.20:609][  0]LogLinker:Warning: Unable to load package (../../../../../../Users/joe/Documents/Unreal Projects/ArkProject_v3/Content/Water.uasset). Package contains EditorOnly data which is not supported by the current build or vice versa.
[2015.08.02-14.27.20:609][  0]LogLinker:Warning: Asset '../../../../../../Users/joe/Documents/Unreal Projects/ArkProject_v3/Content/Water.uasset' has been saved with empty engine version. The asset will be loaded but may be incompatible.
[2015.08.02-14.27.20:609][  0]LogLinker:Warning: Unable to load package (../../../../../../Users/joe/Documents/Unreal Projects/ArkProject_v3/Content/Water.uasset). Package contains EditorOnly data which is not supported by the current build or vice versa.
[2015.08.02-14.27.20:610][  0]LogLinker:Warning: Asset '../../../../../../Users/joe/Documents/Unreal Projects/ArkProject_v3/Content/Water.uasset' has been saved with empty engine version. The asset will be loaded but may be incompatible.
[2015.08.02-14.27.20:610][  0]LogLinker:Warning: Unable to load package (../../../../../../Users/joe/Documents/Unreal Projects/ArkProject_v3/Content/Water.uasset). Package contains EditorOnly data which is not supported by the current build or vice versa.
[2015.08.02-14.27.20:616][  0]LogLinker:Warning: Asset '../../../../../../Users/joe/Documents/Unreal Projects/ArkProject_v3/Content/Water.uasset' has been saved with empty engine version. The asset will be loaded but may be incompatible.
[2015.08.02-14.27.20:616][  0]LogLinker:Warning: Unable to load package (../../../../../../Users/joe/Documents/Unreal Projects/ArkProject_v3/Content/Water.uasset). Package contains EditorOnly data which is not supported by the current build or vice versa.
[2015.08.02-14.27.20:616][  0]LogLinker:Warning: Asset '../../../../../../Users/joe/Documents/Unreal Projects/ArkProject_v3/Content/Water.uasset' has been saved with empty engine version. The asset will be loaded but may be incompatible.
[2015.08.02-14.27.20:616][  0]LogLinker:Warning: Unable to load package (../../../../../../Users/joe/Documents/Unreal Projects/ArkProject_v3/Content/Water.uasset). Package contains EditorOnly data which is not supported by the current build or vice versa.
[2015.08.02-14.27.20:616][  0]LogLinker:Warning: Asset '../../../../../../Users/joe/Documents/Unreal Projects/ArkProject_v3/Content/Water.uasset' has been saved with empty engine version. The asset will be loaded but may be incompatible.
[2015.08.02-14.27.20:616][  0]LogLinker:Warning: Unable to load package (../../../../../../Users/joe/Documents/Unreal Projects/ArkProject_v3/Content/Water.uasset). Package contains EditorOnly data which is not supported by the current build or vice versa.
[2015.08.02-14.27.20:616][  0]LogLinker:Warning: Asset '../../../../../../Users/joe/Documents/Unreal Projects/ArkProject_v3/Content/Water.uasset' has been saved with empty engine version. The asset will be loaded but may be incompatible.
[2015.08.02-14.27.20:616][  0]LogLinker:Warning: Unable to load package (../../../../../../Users/joe/Documents/Unreal Projects/ArkProject_v3/Content/Water.uasset). Package contains EditorOnly data which is not supported by the current build or vice versa.
[2015.08.02-14.27.20:616][  0]LogLinker:Warning: Asset '../../../../../../Users/joe/Documents/Unreal Projects/ArkProject_v3/Content/Water.uasset' has been saved with empty engine version. The asset will be loaded but may be incompatible.
[2015.08.02-14.27.20:617][  0]LogLinker:Warning: Unable to load package (../../../../../../Users/joe/Documents/Unreal Projects/ArkProject_v3/Content/Water.uasset). Package contains EditorOnly data which is not supported by the current build or vice versa.
[2015.08.02-14.27.20:617][  0]LogLinker:Warning: Asset '../../../../../../Users/joe/Documents/Unreal Projects/ArkProject_v3/Content/Water.uasset' has been saved with empty engine version. The asset will be loaded but may be incompatible.
[2015.08.02-14.27.20:617][  0]LogLinker:Warning: Unable to load package (../../../../../../Users/joe/Documents/Unreal Projects/ArkProject_v3/Content/Water.uasset). Package contains EditorOnly data which is not supported by the current build or vice versa.
[2015.08.02-14.27.20:617][  0]LogLinker:Warning: Asset '../../../../../../Users/joe/Documents/Unreal Projects/ArkProject_v3/Content/Water.uasset' has been saved with empty engine version. The asset will be loaded but may be incompatible.
[2015.08.02-14.27.20:617][  0]LogLinker:Warning: Unable to load package (../../../../../../Users/joe/Documents/Unreal Projects/ArkProject_v3/Content/Water.uasset). Package contains EditorOnly data which is not supported by the current build or vice versa.
[2015.08.02-14.27.20:617][  0]LogLinker:Warning: Asset '../../../../../../Users/joe/Documents/Unreal Projects/ArkProject_v3/Content/Water.uasset' has been saved with empty engine version. The asset will be loaded but may be incompatible.
[2015.08.02-14.27.20:617][  0]LogLinker:Warning: Unable to load package (../../../../../../Users/joe/Documents/Unreal Projects/ArkProject_v3/Content/Water.uasset). Package contains EditorOnly data which is not supported by the current build or vice versa.
[2015.08.02-14.27.20:638][  0]LogLinker:Warning: Asset '../../../../../../Users/joe/Documents/Unreal Projects/ArkProject_v3/Content/Water.uasset' has been saved with empty engine version. The asset will be loaded but may be incompatible.
[2015.08.02-14.27.20:638][  0]LogLinker:Warning: Unable to load package (../../../../../../Users/joe/Documents/Unreal Projects/ArkProject_v3/Content/Water.uasset). Package contains EditorOnly data which is not supported by the current build or vice versa.
[2015.08.02-14.27.20:639][  0]LogLinker:Warning: Asset '../../../../../../Users/joe/Documents/Unreal Projects/ArkProject_v3/Content/Water.uasset' has been saved with empty engine version. The asset will be loaded but may be incompatible.
[2015.08.02-14.27.20:639][  0]LogLinker:Warning: Unable to load package (../../../../../../Users/joe/Documents/Unreal Projects/ArkProject_v3/Content/Water.uasset). Package contains EditorOnly data which is not supported by the current build or vice versa.
[2015.08.02-14.27.20:639][  0]LogLinker:Warning: Asset '../../../../../../Users/joe/Documents/Unreal Projects/ArkProject_v3/Content/Water.uasset' has been saved with empty engine version. The asset will be loaded but may be incompatible.
[2015.08.02-14.27.20:639][  0]LogLinker:Warning: Unable to load package (../../../../../../Users/joe/Documents/Unreal Projects/ArkProject_v3/Content/Water.uasset). Package contains EditorOnly data which is not supported by the current build or vice versa.
[2015.08.02-14.27.20:639][  0]LogLinker:Warning: Asset '../../../../../../Users/joe/Documents/Unreal Projects/ArkProject_v3/Content/Water.uasset' has been saved with empty engine version. The asset will be loaded but may be incompatible.
[2015.08.02-14.27.20:639][  0]LogLinker:Warning: Unable to load package (../../../../../../Users/joe/Documents/Unreal Projects/ArkProject_v3/Content/Water.uasset). Package contains EditorOnly data which is not supported by the current build or vice versa.
[2015.08.02-14.27.20:639][  0]LogLinker:Warning: CreateExport: Failed to load Outer for resource 'StaticMeshComponent0': Water_C /Game/ThirdPersonBP/Maps/ThirdPersonExampleMap.ThirdPersonExampleMap:PersistentLevel.Water_C_0
[2015.08.02-14.27.20:639][  0]LogLinker:Warning: Asset '../../../../../../Users/joe/Documents/Unreal Projects/ArkProject_v3/Content/Water.uasset' has been saved with empty engine version. The asset will be loaded but may be incompatible.
[2015.08.02-14.27.20:639][  0]LogLinker:Warning: Unable to load package (../../../../../../Users/joe/Documents/Unreal Projects/ArkProject_v3/Content/Water.uasset). Package contains EditorOnly data which is not supported by the current build or vice versa.
[2015.08.02-14.27.20:640][  0]LogLinker:Warning: Asset '../../../../../../Users/joe/Documents/Unreal Projects/ArkProject_v3/Content/Water.uasset' has been saved with empty engine version. The asset will be loaded but may be incompatible.
[2015.08.02-14.27.20:640][  0]LogLinker:Warning: Unable to load package (../../../../../../Users/joe/Documents/Unreal Projects/ArkProject_v3/Content/Water.uasset). Package contains EditorOnly data which is not supported by the current build or vice versa.
[2015.08.02-14.27.20:640][  0]LogLinker:Warning: Asset '../../../../../../Users/joe/Documents/Unreal Projects/ArkProject_v3/Content/Water.uasset' has been saved with empty engine version. The asset will be loaded but may be incompatible.
[2015.08.02-14.27.20:640][  0]LogLinker:Warning: Unable to load package (../../../../../../Users/joe/Documents/Unreal Projects/ArkProject_v3/Content/Water.uasset). Package contains EditorOnly data which is not supported by the current build or vice versa.
[2015.08.02-14.27.20:640][  0]LogLinker:Warning: Asset '../../../../../../Users/joe/Documents/Unreal Projects/ArkProject_v3/Content/Water.uasset' has been saved with empty engine version. The asset will be loaded but may be incompatible.
[2015.08.02-14.27.20:640][  0]LogLinker:Warning: Unable to load package (../../../../../../Users/joe/Documents/Unreal Projects/ArkProject_v3/Content/Water.uasset). Package contains EditorOnly data which is not supported by the current build or vice versa.
[2015.08.02-14.27.20:726][  0]LogLinker:Warning: Asset '../../../../../../Users/joe/Documents/Unreal Projects/ArkProject_v3/Content/Water.uasset' has been saved with empty engine version. The asset will be loaded but may be incompatible.
[2015.08.02-14.27.20:726][  0]LogLinker:Warning: Unable to load package (../../../../../../Users/joe/Documents/Unreal Projects/ArkProject_v3/Content/Water.uasset). Package contains EditorOnly data which is not supported by the current build or vice versa.
[2015.08.02-14.27.20:726][  0]LogLinker:Warning: Asset '../../../../../../Users/joe/Documents/Unreal Projects/ArkProject_v3/Content/Water.uasset' has been saved with empty engine version. The asset will be loaded but may be incompatible.
[2015.08.02-14.27.20:726][  0]LogLinker:Warning: Unable to load package (../../../../../../Users/joe/Documents/Unreal Projects/ArkProject_v3/Content/Water.uasset). Package contains EditorOnly data which is not supported by the current build or vice versa.
[2015.08.02-14.27.20:726][  0]LogLinker:Warning: Asset '../../../../../../Users/joe/Documents/Unreal Projects/ArkProject_v3/Content/Water.uasset' has been saved with empty engine version. The asset will be loaded but may be incompatible.
[2015.08.02-14.27.20:726][  0]LogLinker:Warning: Unable to load package (../../../../../../Users/joe/Documents/Unreal Projects/ArkProject_v3/Content/Water.uasset). Package contains EditorOnly data which is not supported by the current build or vice versa.
[2015.08.02-14.27.20:727][  0]LogLinker:Warning: Asset '../../../../../../Users/joe/Documents/Unreal Projects/ArkProject_v3/Content/Water.uasset' has been saved with empty engine version. The asset will be loaded but may be incompatible.
[2015.08.02-14.27.20:727][  0]LogLinker:Warning: Unable to load package (../../../../../../Users/joe/Documents/Unreal Projects/ArkProject_v3/Content/Water.uasset). Package contains EditorOnly data which is not supported by the current build or vice versa.
[2015.08.02-14.27.21:679][  0]LogMaterial: Missing cached shader map for material M_surface_landscape, compiling. 
[2015.08.02-14.27.22:303][  0]LogAIModule: Creating AISystem for world ThirdPersonExampleMap
[2015.08.02-14.27.22:318][  0]LogEditorServer: Finished looking for orphan Actors (0.000 secs)
[2015.08.02-14.27.22:320][  0]Cmd: MAP CHECKDEP NOCLEARLOG
[2015.08.02-14.27.22:406][  0]MapCheck: Info Map check complete: 0 Error(s), 0 Warning(s), took 86.179ms to complete.
[2015.08.02-14.27.22:406][  0]LogFileHelpers: Loading map 'ThirdPersonExampleMap' took 6.480
[2015.08.02-14.27.22:567][  0]LogCollectionManager: Loaded 0 collections in 0.003977 seconds
[2015.08.02-14.27.22:584][  0]LogContentBrowser: Native class hierarchy populated in 0.0173 seconds. Added 1807 classes and 307 folders.
[2015.08.02-14.27.22:661][  0]LogContentBrowser: Native class hierarchy updated for 'WidgetCarousel' in 0.0007 seconds. Added 0 classes and 0 folders.
[2015.08.02-14.27.22:707][  0]LogContentBrowser: Native class hierarchy updated for 'AddContentDialog' in 0.0006 seconds. Added 0 classes and 0 folders.
[2015.08.02-14.27.22:737][  0]LogContentBrowser: Native class hierarchy updated for 'SceneOutliner' in 0.0006 seconds. Added 1 classes and 2 folders.
[2015.08.02-14.27.22:801][  0]LogCrashTracker: Crashtracker disabled due to settings.
[2015.08.02-14.27.22:803][  0]LogD3D11RHI: InitD3DDevice
[2015.08.02-14.27.22:836][  0]LogD3D11RHI: InitD3DDevice
[2015.08.02-14.27.22:887][  0]LogLoad: Full Startup: 15.75 seconds (BP compile: 2.67 seconds)
[2015.08.02-14.27.22:955][  0]LogContentStreaming: Texture pool size is 0.000000MB
[2015.08.02-14.27.23:022][  0]LogContentStreaming: Texture pool size now 1000 MB
[2015.08.02-14.27.23:378][  0]LogRenderer: Reallocating scene render targets to support 1208x576 (Frame:2).
[2015.08.02-14.27.23:517][  1]Cmd: UpdateLandscapeEditorData -warnings
[2015.08.02-14.27.23:519][  1]Cmd: UpdateLandscapeEditorData
[2015.08.02-14.27.24:139][  6]LogD3D11RHI: InitD3DDevice
[2015.08.02-14.27.25:702][ 39]LogAssetRegistry: Asset discovery search completed in 12.1579 seconds
[2015.08.02-14.27.50:782][267]LogD3D11RHI: InitD3DDevice
[2015.08.02-14.29.56:648][ 31]Cmd: QUIT_EDITOR
[2015.08.02-14.29.56:955][ 31]LogExit: Preparing to exit.
[2015.08.02-14.29.57:721][ 31]LogExit: Editor shut down
[2015.08.02-14.29.57:722][ 31]LogExit: Transaction tracking system shut down
[2015.08.02-14.29.57:726][ 31]LogParticles: Destroying 0 GPU particle simulations for FXSystem 0x000000002E9DCFE0
[2015.08.02-14.29.57:726][ 31]LogParticles: Destroying 0 GPU particle simulations for FXSystem 0x00000000212FF560
[2015.08.02-14.29.57:726][ 31]LogParticles: Destroying 0 GPU particle simulations for FXSystem 0x00000000422EAFC0
[2015.08.02-14.29.57:726][ 31]LogParticles: Destroying 0 GPU particle simulations for FXSystem 0x0000000037F09260
[2015.08.02-14.29.57:882][ 31]LogExit: Object subsystem successfully closed.
[2015.08.02-14.29.57:899][ 31]LogD3D11RHI: Shutdown
[2015.08.02-14.29.57:899][ 31]LogD3D11RHI: CleanupD3DDevice
[2015.08.02-14.29.58:032][ 31]LogD3D11RHI: ~FD3D11DynamicRHI
[2015.08.02-14.29.58:053][ 31]LogModuleManager: Shutting down and abandoning module CrashTracker (190)
[2015.08.02-14.29.58:053][ 31]LogModuleManager: Shutting down and abandoning module SceneOutliner (189)
[2015.08.02-14.29.58:053][ 31]LogModuleManager: Shutting down and abandoning module SuperSearch (188)
[2015.08.02-14.29.58:053][ 31]LogModuleManager: Shutting down and abandoning module WidgetCarousel (187)
[2015.08.02-14.29.58:053][ 31]LogModuleManager: Shutting down and abandoning module AddContentDialog (186)
[2015.08.02-14.29.58:053][ 31]LogModuleManager: Shutting down and abandoning module EditorWidgets (185)
[2015.08.02-14.29.58:053][ 31]LogModuleManager: Shutting down and abandoning module CollectionManager (184)
[2015.08.02-14.29.58:054][ 31]LogModuleManager: Shutting down and abandoning module StatsViewer (183)
[2015.08.02-14.29.58:054][ 31]LogModuleManager: Shutting down and abandoning module FoliageEdit (182)
[2015.08.02-14.29.58:054][ 31]LogModuleManager: Shutting down and abandoning module LandscapeEditor (181)
[2015.08.02-14.29.58:054][ 31]LogModuleManager: Shutting down and abandoning module ActorPickerMode (180)
[2015.08.02-14.29.58:054][ 31]LogModuleManager: Shutting down and abandoning module GeometryMode (179)
[2015.08.02-14.29.58:054][ 31]LogModuleManager: Shutting down and abandoning module TextureAlignMode (178)
[2015.08.02-14.29.58:054][ 31]LogModuleManager: Shutting down and abandoning module BspMode (177)
[2015.08.02-14.29.58:054][ 31]LogModuleManager: Shutting down and abandoning module PlacementMode (176)
[2015.08.02-14.29.58:054][ 31]LogModuleManager: Shutting down and abandoning module AutomationWorker (175)
[2015.08.02-14.29.58:054][ 31]LogModuleManager: Shutting down and abandoning module CharacterAI (174)
[2015.08.02-14.29.58:054][ 31]LogModuleManager: Shutting down and abandoning module SmartSnapping (173)
[2015.08.02-14.29.58:054][ 31]LogModuleManager: Shutting down and abandoning module ViewportSnapping (172)
[2015.08.02-14.29.58:054][ 31]LogModuleManager: Shutting down and abandoning module LogVisualizer (171)
[2015.08.02-14.29.58:054][ 31]LogModuleManager: Shutting down and abandoning module GameProjectGeneration (170)
[2015.08.02-14.29.58:054][ 31]LogModuleManager: Shutting down and abandoning module IntroTutorials (169)
[2015.08.02-14.29.58:054][ 31]LogModuleManager: Shutting down and abandoning module EditorLiveStreaming (168)
[2015.08.02-14.29.58:054][ 31]LogModuleManager: Shutting down and abandoning module IOSPlatformEditor (167)
[2015.08.02-14.29.58:054][ 31]LogModuleManager: Shutting down and abandoning module HTML5PlatformEditor (166)
[2015.08.02-14.29.58:054][ 31]LogModuleManager: Shutting down and abandoning module AndroidDeviceDetection (165)
[2015.08.02-14.29.58:418][ 31]LogModuleManager: Shutting down and abandoning module AndroidPlatformEditor (164)
[2015.08.02-14.29.58:418][ 31]LogModuleManager: Shutting down and abandoning module IOSRuntimeSettings (163)
[2015.08.02-14.29.58:418][ 31]LogModuleManager: Shutting down and abandoning module AndroidRuntimeSettings (162)
[2015.08.02-14.29.58:418][ 31]LogModuleManager: Shutting down and abandoning module MergeActors (161)
[2015.08.02-14.29.58:418][ 31]LogModuleManager: Shutting down and abandoning module SizeMap (160)
[2015.08.02-14.29.58:418][ 31]LogModuleManager: Shutting down and abandoning module TreeMap (159)
[2015.08.02-14.29.58:418][ 31]LogModuleManager: Shutting down and abandoning module ReferenceViewer (158)
[2015.08.02-14.29.58:418][ 31]LogModuleManager: Shutting down and abandoning module LocalizationDashboard (157)
[2015.08.02-14.29.58:418][ 31]LogModuleManager: Shutting down and abandoning module HardwareTargeting (156)
[2015.08.02-14.29.58:418][ 31]LogModuleManager: Shutting down and abandoning module DeviceProfileEditor (155)
[2015.08.02-14.29.58:418][ 31]LogModuleManager: Shutting down and abandoning module UndoHistory (154)
[2015.08.02-14.29.58:418][ 31]LogModuleManager: Shutting down and abandoning module GameplayTagsEditor (153)
[2015.08.02-14.29.58:418][ 31]LogModuleManager: Shutting down and abandoning module UserFeedback (152)
[2015.08.02-14.29.58:418][ 31]LogModuleManager: Shutting down and abandoning module XmlParser (151)
[2015.08.02-14.29.58:418][ 31]LogModuleManager: Shutting down and abandoning module Blutility (150)
[2015.08.02-14.29.58:418][ 31]LogModuleManager: Shutting down and abandoning module ProjectTargetPlatformEditor (149)
[2015.08.02-14.29.58:418][ 31]LogModuleManager: Shutting down and abandoning module ProjectSettingsViewer (148)
[2015.08.02-14.29.58:418][ 31]LogModuleManager: Shutting down and abandoning module InputBindingEditor (147)
[2015.08.02-14.29.58:418][ 31]LogModuleManager: Shutting down and abandoning module EditorSettingsViewer (146)
[2015.08.02-14.29.58:418][ 31]LogModuleManager: Shutting down and abandoning module SettingsEditor (145)
[2015.08.02-14.29.58:418][ 31]LogModuleManager: Shutting down and abandoning module ProjectLauncher (144)
[2015.08.02-14.29.58:418][ 31]LogModuleManager: Shutting down and abandoning module SessionFrontend (143)
[2015.08.02-14.29.58:418][ 31]LogModuleManager: Shutting down and abandoning module ProfilerClient (142)
[2015.08.02-14.29.58:418][ 31]LogModuleManager: Shutting down and abandoning module TargetDeviceServices (141)
[2015.08.02-14.29.58:418][ 31]LogModuleManager: Shutting down and abandoning module DeviceManager (140)
[2015.08.02-14.29.58:419][ 31]LogModuleManager: Shutting down and abandoning module AutomationController (139)
[2015.08.02-14.29.58:419][ 31]LogModuleManager: Shutting down and abandoning module AutomationWindow (138)
[2015.08.02-14.29.58:419][ 31]LogModuleManager: Shutting down and abandoning module Layers (137)
[2015.08.02-14.29.58:419][ 31]LogModuleManager: Shutting down and abandoning module ComponentVisualizers (136)
[2015.08.02-14.29.58:419][ 31]LogModuleManager: Shutting down and abandoning module DetailCustomizations (135)
[2015.08.02-14.29.58:419][ 31]LogModuleManager: Shutting down and abandoning module PackagesDialog (134)
[2015.08.02-14.29.58:419][ 31]LogModuleManager: Shutting down and abandoning module Persona (133)
[2015.08.02-14.29.58:419][ 31]LogModuleManager: Shutting down and abandoning module Kismet (132)
[2015.08.02-14.29.58:419][ 31]LogModuleManager: Shutting down and abandoning module GraphEditor (131)
[2015.08.02-14.29.58:419][ 31]LogModuleManager: Shutting down and abandoning module ClassViewer (130)
[2015.08.02-14.29.58:419][ 31]LogModuleManager: Shutting down and abandoning module Toolbox (129)
[2015.08.02-14.29.58:419][ 31]LogModuleManager: Shutting down and abandoning module ModuleUI (128)
[2015.08.02-14.29.58:419][ 31]LogModuleManager: Shutting down and abandoning module MovieSceneTools (127)
[2015.08.02-14.29.58:419][ 31]LogModuleManager: Shutting down and abandoning module OutputLog (126)
[2015.08.02-14.29.58:419][ 31]LogModuleManager: Shutting down and abandoning module GammaUI (125)
[2015.08.02-14.29.58:419][ 31]LogModuleManager: Shutting down and abandoning module Documentation (124)
[2015.08.02-14.29.58:419][ 31]LogModuleManager: Shutting down and abandoning module GameLiveStreaming (123)
[2015.08.02-14.29.58:419][ 31]LogModuleManager: Shutting down and abandoning module StreamingPauseRendering (122)
[2015.08.02-14.29.58:419][ 31]LogModuleManager: Shutting down and abandoning module AnalyticsET (121)
[2015.08.02-14.29.58:419][ 31]LogModuleManager: Shutting down and abandoning module Analytics (120)
[2015.08.02-14.29.58:419][ 31]LogModuleManager: Shutting down and abandoning module AITestSuite (119)
[2015.08.02-14.29.58:419][ 31]LogModuleManager: Shutting down and abandoning module GameplayDebugger (118)
[2015.08.02-14.29.58:419][ 31]LogModuleManager: Shutting down and abandoning module AIModule (117)
[2015.08.02-14.29.58:419][ 31]LogModuleManager: Shutting down and abandoning module ProfilerService (116)
[2015.08.02-14.29.58:631][ 31]LogModuleManager: Shutting down and abandoning module TaskGraph (115)
[2015.08.02-14.29.58:631][ 31]LogModuleManager: Shutting down and abandoning module SubstanceEditor (114)
[2015.08.02-14.29.58:631][ 31]LogModuleManager: Shutting down and abandoning module SlateRemote (113)
[2015.08.02-14.29.58:631][ 31]LogModuleManager: Shutting down and abandoning module SteamVRController (112)
[2015.08.02-14.29.58:631][ 31]LogModuleManager: Shutting down and abandoning module SteamVR (111)
[2015.08.02-14.29.58:631][ 31]LogModuleManager: Shutting down and abandoning module ProceduralMeshComponent (110)
[2015.08.02-14.29.58:631][ 31]LogModuleManager: Shutting down and abandoning module OculusRift (109)
[2015.08.02-14.29.58:631][ 31]LogModuleManager: Shutting down and abandoning module LeapMotionController (108)
[2015.08.02-14.29.58:637][ 31]LogModuleManager: Shutting down and abandoning module CustomMeshComponent (107)
[2015.08.02-14.29.58:637][ 31]LogModuleManager: Shutting down and abandoning module CableComponent (106)
[2015.08.02-14.29.58:637][ 31]LogModuleManager: Shutting down and abandoning module MessagingDebugger (105)
[2015.08.02-14.29.58:637][ 31]LogModuleManager: Shutting down and abandoning module MediaPlayerEditor (104)
[2015.08.02-14.29.58:637][ 31]LogModuleManager: Shutting down and abandoning module SpeedTreeImporter (103)
[2015.08.02-14.29.58:637][ 31]LogModuleManager: Shutting down and abandoning module PluginBrowser (102)
[2015.08.02-14.29.58:637][ 31]LogModuleManager: Shutting down and abandoning module EpicSurvey (101)
[2015.08.02-14.29.58:637][ 31]LogModuleManager: Shutting down and abandoning module DesktopPlatform (100)
[2015.08.02-14.29.58:637][ 31]LogModuleManager: Shutting down and abandoning module VisualStudioSourceCodeAccess (99)
[2015.08.02-14.29.58:637][ 31]LogModuleManager: Shutting down and abandoning module UObjectPlugin (98)
[2015.08.02-14.29.58:637][ 31]LogModuleManager: Shutting down and abandoning module SubversionSourceControl (97)
[2015.08.02-14.29.58:637][ 31]LogModuleManager: Shutting down and abandoning module PerforceSourceControl (96)
[2015.08.02-14.29.58:637][ 31]LogModuleManager: Shutting down and abandoning module SourceControl (95)
[2015.08.02-14.29.58:637][ 31]LogModuleManager: Shutting down and abandoning module GitSourceControl (94)
[2015.08.02-14.29.58:637][ 31]LogModuleManager: Shutting down and abandoning module BlankPlugin (93)
[2015.08.02-14.29.58:637][ 31]LogModuleManager: Shutting down and abandoning module PaperTiledImporter (92)
[2015.08.02-14.29.58:637][ 31]LogModuleManager: Shutting down and abandoning module PaperSpriteSheetImporter (91)
[2015.08.02-14.29.58:637][ 31]LogModuleManager: Shutting down and abandoning module MeshPaint (90)
[2015.08.02-14.29.58:637][ 31]LogModuleManager: Shutting down and abandoning module SlateReflector (89)
[2015.08.02-14.29.58:637][ 31]LogModuleManager: Shutting down and abandoning module HotReload (88)
[2015.08.02-14.29.58:638][ 31]LogModuleManager: Shutting down and abandoning module MainFrame (87)
[2015.08.02-14.29.58:638][ 31]LogModuleManager: Shutting down and abandoning module LevelEditor (86)
[2015.08.02-14.29.58:639][ 31]LogModuleManager: Shutting down and abandoning module ContentBrowser (85)
[2015.08.02-14.29.58:639][ 31]LogModuleManager: Shutting down and abandoning module Paper2DEditor (84)
[2015.08.02-14.29.58:639][ 31]LogModuleManager: Shutting down and abandoning module UdpMessaging (83)
[2015.08.02-14.29.58:739][ 31]LogModuleManager: Shutting down and abandoning module DirectoryWatcher (82)
[2015.08.02-14.29.58:739][ 31]LogModuleManager: Shutting down and abandoning module AssetRegistry (81)
[2015.08.02-14.29.58:881][ 31]LogModuleManager: Shutting down and abandoning module SubstanceCore (80)
[2015.08.02-14.29.58:881][ 31]LogModuleManager: Shutting down and abandoning module Paper2D (79)
[2015.08.02-14.29.58:881][ 31]LogModuleManager: Shutting down and abandoning module WindowsMoviePlayer (78)
[2015.08.02-14.29.58:884][ 31]LogModuleManager: Shutting down and abandoning module Media (77)
[2015.08.02-14.29.58:884][ 31]LogModuleManager: Shutting down and abandoning module WmfMedia (76)
[2015.08.02-14.29.58:884][ 31]LogModuleManager: Shutting down and abandoning module OnlineBlueprintSupport (75)
[2015.08.02-14.29.58:884][ 31]LogModuleManager: Shutting down and abandoning module PropertyEditor (74)
[2015.08.02-14.29.58:884][ 31]LogModuleManager: Shutting down and abandoning module BehaviorTreeEditor (73)
[2015.08.02-14.29.58:884][ 31]LogModuleManager: Shutting down and abandoning module FunctionalTesting (72)
[2015.08.02-14.29.58:885][ 31]LogModuleManager: Shutting down and abandoning module CollisionAnalyzer (71)
[2015.08.02-14.29.58:885][ 31]LogModuleManager: Shutting down and abandoning module WorkspaceMenuStructure (70)
[2015.08.02-14.29.58:885][ 31]LogModuleManager: Shutting down and abandoning module MessageLog (69)
[2015.08.02-14.29.58:885][ 31]LogModuleManager: Shutting down and abandoning module Sequencer (68)
[2015.08.02-14.29.58:885][ 31]LogModuleManager: Shutting down and abandoning module AssetTools (67)
[2015.08.02-14.29.58:885][ 31]LogModuleManager: Shutting down and abandoning module UMGEditor (66)
[2015.08.02-14.29.58:885][ 31]LogModuleManager: Shutting down and abandoning module UMG (65)
[2015.08.02-14.29.58:885][ 31]LogModuleManager: Shutting down and abandoning module Slate (64)
[2015.08.02-14.29.58:885][ 31]LogModuleManager: Shutting down and abandoning module EditorStyle (63)
[2015.08.02-14.29.58:888][ 31]LogModuleManager: Shutting down and abandoning module SessionServices (62)
[2015.08.02-14.29.58:888][ 31]LogModuleManager: Shutting down and abandoning module SourceCodeAccess (61)
[2015.08.02-14.29.58:888][ 31]LogModuleManager: Shutting down and abandoning module HeadMountedDisplay (60)
[2015.08.02-14.29.58:888][ 31]LogModuleManager: Shutting down and abandoning module XAudio2 (59)
[2015.08.02-14.29.58:888][ 31]LogModuleManager: Shutting down and abandoning module Networking (57)
[2015.08.02-14.29.58:888][ 31]LogModuleManager: Shutting down and abandoning module Core (56)
[2015.08.02-14.29.58:888][ 31]LogModuleManager: Shutting down and abandoning module KismetCompiler (55)
[2015.08.02-14.29.58:888][ 31]LogModuleManager: Shutting down and abandoning module PhysXFormats (54)
[2015.08.02-14.29.58:888][ 31]LogModuleManager: Shutting down and abandoning module MeshUtilities (53)
[2015.08.02-14.29.58:888][ 31]LogModuleManager: Shutting down and abandoning module DerivedDataCache (52)
[2015.08.02-14.29.58:963][ 31]LogDerivedDataCache: Shutdown
[2015.08.02-14.29.58:963][ 31]LogModuleManager: Shutting down and abandoning module ShaderFormatOpenGL (51)
[2015.08.02-14.29.58:963][ 31]LogModuleManager: Shutting down and abandoning module ShaderFormatD3D (50)
[2015.08.02-14.29.58:963][ 31]LogModuleManager: Shutting down and abandoning module MetalShaderFormat (49)
[2015.08.02-14.29.58:963][ 31]LogModuleManager: Shutting down and abandoning module TextureFormatUncompressed (48)
[2015.08.02-14.29.58:963][ 31]LogModuleManager: Shutting down and abandoning module TextureFormatPVR (47)
[2015.08.02-14.29.58:963][ 31]LogModuleManager: Shutting down and abandoning module TextureFormatIntelISPCTexComp (46)
[2015.08.02-14.29.58:963][ 31]LogModuleManager: Shutting down and abandoning module TextureFormatDXT (45)
[2015.08.02-14.29.58:963][ 31]LogModuleManager: Shutting down and abandoning module ImageWrapper (44)
[2015.08.02-14.29.58:963][ 31]LogModuleManager: Shutting down and abandoning module TextureFormatASTC (43)
[2015.08.02-14.29.58:963][ 31]LogModuleManager: Shutting down and abandoning module TextureFormatAndroid (42)
[2015.08.02-14.29.58:963][ 31]LogModuleManager: Shutting down and abandoning module AudioFormatOpus (41)
[2015.08.02-14.29.58:963][ 31]LogModuleManager: Shutting down and abandoning module AudioFormatOgg (40)
[2015.08.02-14.29.58:963][ 31]LogModuleManager: Shutting down and abandoning module AudioFormatADPCM (39)
[2015.08.02-14.29.58:963][ 31]LogModuleManager: Shutting down and abandoning module LinuxTargetPlatform (38)
[2015.08.02-14.29.58:963][ 31]LogModuleManager: Shutting down and abandoning module LinuxServerTargetPlatform (37)
[2015.08.02-14.29.58:963][ 31]LogModuleManager: Shutting down and abandoning module LinuxNoEditorTargetPlatform (36)
[2015.08.02-14.29.58:963][ 31]LogModuleManager: Shutting down and abandoning module Messaging (35)
[2015.08.02-14.29.58:963][ 31]LogModuleManager: Shutting down and abandoning module IOSTargetPlatform (34)
[2015.08.02-14.29.58:963][ 31]LogModuleManager: Shutting down and abandoning module HTML5TargetPlatform (33)
[2015.08.02-14.29.58:963][ 31]LogModuleManager: Shutting down and abandoning module Android_PVRTCTargetPlatform (32)
[2015.08.02-14.29.58:963][ 31]LogModuleManager: Shutting down and abandoning module Android_ETC2TargetPlatform (31)
[2015.08.02-14.29.58:963][ 31]LogModuleManager: Shutting down and abandoning module Android_ETC1TargetPlatform (30)
[2015.08.02-14.29.58:963][ 31]LogModuleManager: Shutting down and abandoning module Android_DXTTargetPlatform (29)
[2015.08.02-14.29.58:963][ 31]LogModuleManager: Shutting down and abandoning module Android_ATCTargetPlatform (28)
[2015.08.02-14.29.58:964][ 31]LogModuleManager: Shutting down and abandoning module Android_ASTCTargetPlatform (27)
[2015.08.02-14.29.58:964][ 31]LogModuleManager: Shutting down and abandoning module AndroidTargetPlatform (26)
[2015.08.02-14.29.58:964][ 31]LogModuleManager: Shutting down and abandoning module WindowsTargetPlatform (25)
[2015.08.02-14.29.58:964][ 31]LogModuleManager: Shutting down and abandoning module WindowsServerTargetPlatform (24)
[2015.08.02-14.29.58:964][ 31]LogModuleManager: Shutting down and abandoning module WindowsNoEditorTargetPlatform (23)
[2015.08.02-14.29.58:964][ 31]LogModuleManager: Shutting down and abandoning module WindowsClientTargetPlatform (22)
[2015.08.02-14.29.58:964][ 31]LogModuleManager: Shutting down and abandoning module DesktopTargetPlatform (21)
[2015.08.02-14.29.58:964][ 31]LogModuleManager: Shutting down and abandoning module TargetPlatform (20)
[2015.08.02-14.29.58:964][ 31]LogModuleManager: Shutting down and abandoning module InputCore (19)
[2015.08.02-14.29.58:964][ 31]LogModuleManager: Shutting down and abandoning module Settings (18)
[2015.08.02-14.29.58:964][ 31]LogModuleManager: Shutting down and abandoning module OnlineSubsystem (16)
[2015.08.02-14.29.58:964][ 31]LogModuleManager: Shutting down and abandoning module HTTP (15)
[2015.08.02-14.29.58:964][ 31]LogModuleManager: Shutting down and abandoning module ExampleDeviceProfileSelector (14)
[2015.08.02-14.29.58:964][ 31]LogModuleManager: Shutting down and abandoning module TextureCompressor (13)
[2015.08.02-14.29.58:964][ 31]LogModuleManager: Shutting down and abandoning module ShaderCore (12)
[2015.08.02-14.29.58:964][ 31]LogModuleManager: Shutting down and abandoning module Landscape (11)
[2015.08.02-14.29.58:964][ 31]LogModuleManager: Shutting down and abandoning module SlateRHIRenderer (10)
[2015.08.02-14.29.58:966][ 31]LogModuleManager: Shutting down and abandoning module OpenGLDrv (9)
[2015.08.02-14.29.58:966][ 31]LogModuleManager: Shutting down and abandoning module D3D11RHI (8)
[2015.08.02-14.29.58:966][ 31]LogModuleManager: Shutting down and abandoning module Renderer (7)
[2015.08.02-14.29.58:966][ 31]LogModuleManager: Shutting down and abandoning module Engine (6)
[2015.08.02-14.29.58:966][ 31]LogModuleManager: Shutting down and abandoning module CoreUObject (5)
[2015.08.02-14.29.58:966][ 31]LogModuleManager: Shutting down and abandoning module NetworkFile (4)
[2015.08.02-14.29.58:966][ 31]LogModuleManager: Shutting down and abandoning module StreamingFile (3)
[2015.08.02-14.29.58:966][ 31]LogModuleManager: Shutting down and abandoning module SandboxFile (2)
[2015.08.02-14.29.58:966][ 31]LogModuleManager: Shutting down and abandoning module PakFile (1)
[2015.08.02-14.29.58:967][ 31]LogExit: Exiting.
[2015.08.02-14.29.58:968][ 31]Log file closed, 08/02/15 07:29:58
